"2015-03-23 17:06:20",::1,/TaxiCel/PHP/Services/driverregistration,"{""txtUname"":""oley"",""txtUfname"":""baba"",""txtUlname"":""kedey bacha"",""txtUemail"":""bacha@g.com"",""txtUmobile"":""ddsds"",""txtUaddress"":""sdsdds"",""txtUpass"":""dsds"",""refferal_code"":""dds"",""txtCcname"":""sdfds"",""txtCaddress1"":""dsd"",""txtCaddress2"":""df"",""txtCcity"":""2"",""txtCregion"":""sd"",""txtCpcode"":""as"",""txtCmobile"":""sad"",""txtCABN"":""asd""}"
"2015-03-23 17:21:07",::1,/TaxiCel/PHP/Services/driverregistration,"{""txtUname"":""oley"",""txtUfname"":""baba"",""txtUlname"":""kedey bacha"",""txtUemail"":""bacha@g.com"",""txtUmobile"":""ddsds"",""txtUaddress"":""sdsdds"",""txtUpass"":""dsds"",""refferal_code"":""dds"",""txtCcname"":""sdfds"",""txtCaddress1"":""dsd"",""txtCaddress2"":""df"",""txtCcity"":""2"",""txtCregion"":""sd"",""txtCpcode"":""as"",""txtCmobile"":""sad"",""txtCABN"":""asd""}"
"
"
"2015-03-23 17:22:44",::1,/TaxiCel/PHP/Services/driverregistration,"{""txtUname"":""oley"",""txtUfname"":""baba"",""txtUlname"":""kedey bacha"",""txtUemail"":""bacha@g.com"",""txtUmobile"":""ddsds"",""txtUaddress"":""sdsdds"",""txtUpass"":""dsds"",""refferal_code"":""dds"",""txtCcname"":""sdfds"",""txtCaddress1"":""dsd"",""txtCaddress2"":""df"",""txtCcity"":""2"",""txtCregion"":""sd"",""txtCpcode"":""as"",""txtCmobile"":""sad"",""txtCABN"":""asd""}"
"
"
"2015-03-23 17:26:37",192.168.1.4,/TaxiCel/PHP/Services/driverregistration,"{""txtUname"":""dfsd"",""txtUfname"":""sdfsd"",""txtUlname"":""fdsfsd"",""txtUemail"":""fdsfsd"",""txtUmobile"":""sdfsd"",""txtUaddress"":""sdfsd"",""txtUpass"":""dsfsdf"",""refferal_code"":""sdfsdf"",""txtCcname"":""sdfsdf"",""txtCaddress1"":""sdfdsf"",""txtCaddress2"":""dsfsd"",""txtCcity"":""22"",""txtCregion"":""sdfsd"",""txtCpcode"":""sdfsdf"",""txtCmobile"":""sdfsdf"",""txtCABN"":""sdf""}"
"
"
"2015-03-27 17:18:06",192.168.1.9,/TaxiCel/PHP/Services/new_order,"{""user_id"":""154"",""device_type"":""1"",""device_unique_id"":""APA91bHv5CGUSXe5w7H9zeTupK9sjtLtEmBb4j8c_5bLSEFwa7XzLcFr194jg2OlQsZFuTuxK5nhYnVlNSn9QXvorDkw9KyyNe-C_4NXktMxgW3r7ujDLwpAJNo3OW4A5Hvn8v7kQt1tBwr48Q0f_84jyTAfRL3KFA"",""ride_type"":""1"",""pick_up"":""HI 131, Jyangra, Rajarhat, Kolkata, West Bengal 700159, India"",""pick_up_lat"":""22.612272098957177"",""pick_up_lon"":""88.42960014939308"",""street_address"":"""",""nearby_address"":"""",""drop_off"":"""",""drop_off_lat"":"""",""drop_off_lon"":"""",""payment_type"":""0"",""instruction"":"""",""creditcardid"":"""",""ride_date_time"":""27-3-2015 22:17""}"
"
"
"2015-03-27 17:18:44",192.168.1.9,/TaxiCel/PHP/Services/new_order,"{""user_id"":""154"",""device_type"":""1"",""device_unique_id"":""APA91bHv5CGUSXe5w7H9zeTupK9sjtLtEmBb4j8c_5bLSEFwa7XzLcFr194jg2OlQsZFuTuxK5nhYnVlNSn9QXvorDkw9KyyNe-C_4NXktMxgW3r7ujDLwpAJNo3OW4A5Hvn8v7kQt1tBwr48Q0f_84jyTAfRL3KFA"",""ride_type"":""0"",""pick_up"":""HI 131, Jyangra, Rajarhat, Kolkata, West Bengal 700159, India"",""pick_up_lat"":""22.612270860946204"",""pick_up_lon"":""88.42960014939308"",""street_address"":"""",""nearby_address"":"""",""drop_off"":"""",""drop_off_lat"":"""",""drop_off_lon"":"""",""payment_type"":""0"",""instruction"":"""",""creditcardid"":""""}"
"
"
"2015-03-27 17:26:24",192.168.1.9,/TaxiCel/PHP/Services/new_order,"{""user_id"":""154"",""device_type"":""1"",""device_unique_id"":""APA91bHv5CGUSXe5w7H9zeTupK9sjtLtEmBb4j8c_5bLSEFwa7XzLcFr194jg2OlQsZFuTuxK5nhYnVlNSn9QXvorDkw9KyyNe-C_4NXktMxgW3r7ujDLwpAJNo3OW4A5Hvn8v7kQt1tBwr48Q0f_84jyTAfRL3KFA"",""ride_type"":""1"",""pick_up"":""HI 131, Jyangra, Rajarhat, Kolkata, West Bengal 700159, India"",""pick_up_lat"":""22.612270860946204"",""pick_up_lon"":""88.42960014939308"",""street_address"":"""",""nearby_address"":"""",""drop_off"":""La Plata, Buenos Aires Province, Argentina"",""drop_off_lat"":""-34.92125"",""drop_off_lon"":""-57.95433329999999"",""payment_type"":""0"",""instruction"":""las etc VDU me such disk"",""creditcardid"":"""",""ride_date_time"":""27-3-2015 22:26""}"
"
"
"2015-03-27 19:21:33",192.168.1.4,/TaxiCel/PHP/Services/new_order,"{""user_id"":""104"",""device_type"":""1"",""device_unique_id"":""APA91bEJC3PJ0dnXGnm5RaUvgmx6ryIXspnr8-dRvwouiLvq4zNU1S628707tEfrfq0pBg-fLmq5EGUkGVvSW8aFmW3xubwUm0_iljpd5MSh3PzYkXQEQirLnL2kU2lW_izlntlrCSM5qUOgC7-FFR92yPHTrxV8ojDqONSTpCU6vbosrLKpRWE"",""ride_type"":""0"",""pick_up"":""HI 131, Jyangra, Rajarhat, Kolkata, West Bengal 700159, India"",""pick_up_lat"":""22.612270860946204"",""pick_up_lon"":""88.42959813773632"",""street_address"":"""",""nearby_address"":"""",""drop_off"":"""",""drop_off_lat"":"""",""drop_off_lon"":"""",""payment_type"":""0"",""instruction"":"""",""creditcardid"":""""}"
"
"
"2015-03-27 19:25:00",192.168.1.4,/TaxiCel/PHP/Services/new_order,"{""user_id"":""104"",""device_type"":""1"",""device_unique_id"":""APA91bEJC3PJ0dnXGnm5RaUvgmx6ryIXspnr8-dRvwouiLvq4zNU1S628707tEfrfq0pBg-fLmq5EGUkGVvSW8aFmW3xubwUm0_iljpd5MSh3PzYkXQEQirLnL2kU2lW_izlntlrCSM5qUOgC7-FFR92yPHTrxV8ojDqONSTpCU6vbosrLKpRWE"",""ride_type"":""0"",""pick_up"":""HI 131, Jyangra, Rajarhat, Kolkata, West Bengal 700159, India"",""pick_up_lat"":""22.612270860946204"",""pick_up_lon"":""88.42960182577372"",""street_address"":"""",""nearby_address"":"""",""drop_off"":"""",""drop_off_lat"":"""",""drop_off_lon"":"""",""payment_type"":""0"",""instruction"":"""",""creditcardid"":""""}"
"
"
"2015-03-27 19:35:12",192.168.1.4,/TaxiCel/PHP/Services/new_order,"{""user_id"":""154"",""device_type"":""1"",""device_unique_id"":""APA91bGqJHe0HNZT4Vub4zfy3mCN8koVSP6dWs1ctAXcG3Ch34Hjg6P1O1ehXyyQowlCGBTAuj4Qfp7WpZWLOQiOcKxiF8UwIE9Wtzda2KJxGdq-uZ-ZZog39RCR3PGzMGKzGl2es2djqXAGmHJsP_rNn2f8owLu8g"",""ride_type"":""0"",""pick_up"":""HI 131, Jyangra, Rajarhat, Kolkata, West Bengal 700159, India"",""pick_up_lat"":""22.612270860946204"",""pick_up_lon"":""88.42960014939308"",""street_address"":"""",""nearby_address"":"""",""drop_off"":"""",""drop_off_lat"":"""",""drop_off_lon"":"""",""payment_type"":""0"",""instruction"":"""",""creditcardid"":""""}"
"
"
"2015-03-27 19:37:00",192.168.1.4,/TaxiCel/PHP/Services/new_order,"{""user_id"":""154"",""device_type"":""1"",""device_unique_id"":""APA91bGqJHe0HNZT4Vub4zfy3mCN8koVSP6dWs1ctAXcG3Ch34Hjg6P1O1ehXyyQowlCGBTAuj4Qfp7WpZWLOQiOcKxiF8UwIE9Wtzda2KJxGdq-uZ-ZZog39RCR3PGzMGKzGl2es2djqXAGmHJsP_rNn2f8owLu8g"",""ride_type"":""0"",""pick_up"":""HI 131, Jyangra, Rajarhat, Kolkata, West Bengal 700159, India"",""pick_up_lat"":""22.612270860946204"",""pick_up_lon"":""88.42960014939308"",""street_address"":"""",""nearby_address"":"""",""drop_off"":"""",""drop_off_lat"":"""",""drop_off_lon"":"""",""payment_type"":""0"",""instruction"":"""",""creditcardid"":""""}"
"
"
"2015-03-27 19:40:34",192.168.1.4,/TaxiCel/PHP/Services/new_order,"{""user_id"":""154"",""device_type"":""1"",""device_unique_id"":""APA91bGqJHe0HNZT4Vub4zfy3mCN8koVSP6dWs1ctAXcG3Ch34Hjg6P1O1ehXyyQowlCGBTAuj4Qfp7WpZWLOQiOcKxiF8UwIE9Wtzda2KJxGdq-uZ-ZZog39RCR3PGzMGKzGl2es2djqXAGmHJsP_rNn2f8owLu8g"",""ride_type"":""0"",""pick_up"":""HI 131, Jyangra, Rajarhat, Kolkata, West Bengal 700159, India"",""pick_up_lat"":""22.612270860946204"",""pick_up_lon"":""88.42960014939308"",""street_address"":"""",""nearby_address"":"""",""drop_off"":"""",""drop_off_lat"":"""",""drop_off_lon"":"""",""payment_type"":""0"",""instruction"":"""",""creditcardid"":""""}"
"
"
"2015-03-27 19:41:23",192.168.1.4,/TaxiCel/PHP/Services/new_order,"{""user_id"":""154"",""device_type"":""1"",""device_unique_id"":""APA91bGqJHe0HNZT4Vub4zfy3mCN8koVSP6dWs1ctAXcG3Ch34Hjg6P1O1ehXyyQowlCGBTAuj4Qfp7WpZWLOQiOcKxiF8UwIE9Wtzda2KJxGdq-uZ-ZZog39RCR3PGzMGKzGl2es2djqXAGmHJsP_rNn2f8owLu8g"",""ride_type"":""0"",""pick_up"":""HI 131, Jyangra, Rajarhat, Kolkata, West Bengal 700159, India"",""pick_up_lat"":""22.612270860946204"",""pick_up_lon"":""88.42960014939308"",""street_address"":"""",""nearby_address"":"""",""drop_off"":"""",""drop_off_lat"":"""",""drop_off_lon"":"""",""payment_type"":""0"",""instruction"":"""",""creditcardid"":""""}"
"
"
"2015-03-27 19:43:12",192.168.1.4,/TaxiCel/PHP/Services/new_order,"{""user_id"":""154"",""device_type"":""1"",""device_unique_id"":""APA91bGqJHe0HNZT4Vub4zfy3mCN8koVSP6dWs1ctAXcG3Ch34Hjg6P1O1ehXyyQowlCGBTAuj4Qfp7WpZWLOQiOcKxiF8UwIE9Wtzda2KJxGdq-uZ-ZZog39RCR3PGzMGKzGl2es2djqXAGmHJsP_rNn2f8owLu8g"",""ride_type"":""0"",""pick_up"":""HI 131, Jyangra, Rajarhat, Kolkata, West Bengal 700159, India"",""pick_up_lat"":""22.612270860946204"",""pick_up_lon"":""88.42959813773632"",""street_address"":"""",""nearby_address"":"""",""drop_off"":"""",""drop_off_lat"":"""",""drop_off_lon"":"""",""payment_type"":""0"",""instruction"":"""",""creditcardid"":""""}"
"
"
"2015-04-01 13:21:05",::1,/TaxiCel/PHP/Services/new_order,"{""device_type"":""1"",""pick_up"":"""",""pick_up_lat"":"""",""pick_up_lon"":"""",""drop_off"":"""",""drop_off_lat"":"""",""drop_off_lon"":"""",""user_id"":""13"",""instruction"":"""",""payment_type"":"""",""device_unique_id"":"""",""ride_type"":""0"",""cupon_code"":""TAXCL500""}"
"
"
"2015-04-01 13:32:11",::1,/TaxiCel/PHP/Services/new_order,"{""device_type"":""1"",""pick_up"":"""",""pick_up_lat"":"""",""pick_up_lon"":"""",""drop_off"":"""",""drop_off_lat"":"""",""drop_off_lon"":"""",""user_id"":""13"",""instruction"":"""",""payment_type"":"""",""device_unique_id"":"""",""ride_type"":""0"",""cupon_code"":""TAXCL500""}"
"
"
"2015-04-01 14:38:08",::1,/TaxiCel/PHP/Services/new_order,"{""device_type"":""1"",""pick_up"":"""",""pick_up_lat"":"""",""pick_up_lon"":"""",""drop_off"":"""",""drop_off_lat"":"""",""drop_off_lon"":"""",""user_id"":""13"",""instruction"":"""",""payment_type"":"""",""device_unique_id"":"""",""ride_type"":""0"",""cupon_code"":""TAXCL500""}"
"
"
"2015-04-01 14:38:42",::1,/TaxiCel/PHP/Services/new_order,"{""device_type"":""1"",""pick_up"":"""",""pick_up_lat"":"""",""pick_up_lon"":"""",""drop_off"":"""",""drop_off_lat"":"""",""drop_off_lon"":"""",""user_id"":""13"",""instruction"":"""",""payment_type"":"""",""device_unique_id"":"""",""ride_type"":""0"",""cupon_code"":""TAXCL500""}"
"
"
"2015-04-01 14:40:44",::1,/TaxiCel/PHP/Services/new_order,"{""device_type"":""1"",""pick_up"":"""",""pick_up_lat"":"""",""pick_up_lon"":"""",""drop_off"":"""",""drop_off_lat"":"""",""drop_off_lon"":"""",""user_id"":""13"",""instruction"":"""",""payment_type"":"""",""device_unique_id"":"""",""ride_type"":""0"",""cupon_code"":""TAXCL500""}"
"
"
"2015-04-01 14:41:47",::1,/TaxiCel/PHP/Services/new_order,"{""device_type"":""1"",""pick_up"":"""",""pick_up_lat"":"""",""pick_up_lon"":"""",""drop_off"":"""",""drop_off_lat"":"""",""drop_off_lon"":"""",""user_id"":""13"",""instruction"":"""",""payment_type"":"""",""device_unique_id"":"""",""ride_type"":""0"",""cupon_code"":""TAXCL500""}"
"
"
"2015-04-01 14:42:25",::1,/TaxiCel/PHP/Services/new_order,"{""device_type"":""1"",""pick_up"":"""",""pick_up_lat"":"""",""pick_up_lon"":"""",""drop_off"":"""",""drop_off_lat"":"""",""drop_off_lon"":"""",""user_id"":""13"",""instruction"":"""",""payment_type"":"""",""device_unique_id"":"""",""ride_type"":""0"",""cupon_code"":""TAXCL500""}"
"
"
"2015-04-01 14:44:21",::1,/TaxiCel/PHP/Services/new_order,"{""device_type"":""1"",""pick_up"":"""",""pick_up_lat"":"""",""pick_up_lon"":"""",""drop_off"":"""",""drop_off_lat"":"""",""drop_off_lon"":"""",""user_id"":""13"",""instruction"":"""",""payment_type"":"""",""device_unique_id"":"""",""ride_type"":""0"",""cupon_code"":""TAXCL500""}"
"
"
"2015-04-01 14:47:49",::1,/TaxiCel/PHP/Services/new_order,"{""device_type"":""1"",""pick_up"":"""",""pick_up_lat"":"""",""pick_up_lon"":"""",""drop_off"":"""",""drop_off_lat"":"""",""drop_off_lon"":"""",""user_id"":""13"",""instruction"":"""",""payment_type"":"""",""device_unique_id"":"""",""ride_type"":""0"",""cupon_code"":""TAXCL500""}"
"
"
"2015-04-01 14:48:16",::1,/TaxiCel/PHP/Services/new_order,"{""device_type"":""1"",""pick_up"":"""",""pick_up_lat"":"""",""pick_up_lon"":"""",""drop_off"":"""",""drop_off_lat"":"""",""drop_off_lon"":"""",""user_id"":""13"",""instruction"":"""",""payment_type"":"""",""device_unique_id"":"""",""ride_type"":""0"",""cupon_code"":""TAXCL500""}"
"
"
"2015-07-10 18:21:18",::1,/TaxiCel/PHP/Services/drivertraceride,"{""ride_id"":""7"",""ride_traceid"":""2""}"
"
"
"2015-07-10 18:24:03",::1,/TaxiCel/PHP/Services/drivertraceride,"{""ride_id"":""1053"",""ride_traceid"":""0""}"
"
"
"2015-07-10 18:24:32",::1,/TaxiCel/PHP/Services/drivertraceride,"{""ride_id"":""1053"",""ride_traceid"":""0""}"
"
"
"2015-07-10 19:07:48",::1,/TaxiCel/PHP/Services/start_trip,"{""driver_lat"":""34"",""driver_lon"":""34"",""ride_id"":""20""}"
"
"
"2015-07-10 19:08:06",::1,/TaxiCel/PHP/Services/start_trip,"{""driver_lat"":""34"",""driver_lon"":""34"",""ride_id"":""7""}"
"
"
"2015-07-10 19:08:10",::1,/TaxiCel/PHP/Services/start_trip,"{""driver_lat"":""34"",""driver_lon"":""34"",""ride_id"":""7""}"
"
"
"2015-07-10 19:40:39",::1,/TaxiCel/PHP/Services/driverregistration,"{""txtUname"":""bapu"",""txtUfname"":""bapu"",""txtUlname"":""sahoo"",""txtUemail"":""bapu4u@gmail.com"",""txtUmobile"":"""",""txtUaddress"":""bhubaneswar"",""txtUpass"":""12345"",""refferal_code"":""0"",""txtCcname"":""aa"",""txtCaddress1"":""bb"",""txtCaddress2"":""bb"",""txtCcity"":""vv"",""txtCregion"":""yt"",""txtCpcode"":""yu"",""txtCmobile"":""8098"",""txtCABN"":""khkj""}"
"
"
"2015-07-10 19:42:54",::1,/TaxiCel/PHP/Services/driverregistration,"{""txtUname"":""bapu"",""txtUfname"":""bapu"",""txtUlname"":""sahoo"",""txtUemail"":""bapu4u@gmail.com"",""txtUmobile"":"""",""txtUaddress"":""bhubaneswar"",""txtUpass"":""12345"",""refferal_code"":""0"",""txtCcname"":""aa"",""txtCaddress1"":""bb"",""txtCaddress2"":""bb"",""txtCcity"":""vv"",""txtCregion"":""yt"",""txtCpcode"":""yu"",""txtCmobile"":""8098"",""txtCABN"":""khkj""}"
"
"
"2015-07-10 19:43:00",::1,/TaxiCel/PHP/Services/driverregistration,"{""txtUname"":""bapu"",""txtUfname"":""bapu"",""txtUlname"":""sahoo"",""txtUemail"":""bapu5u@gmail.com"",""txtUmobile"":"""",""txtUaddress"":""bhubaneswar"",""txtUpass"":""12345"",""refferal_code"":""0"",""txtCcname"":""aa"",""txtCaddress1"":""bb"",""txtCaddress2"":""bb"",""txtCcity"":""vv"",""txtCregion"":""yt"",""txtCpcode"":""yu"",""txtCmobile"":""8098"",""txtCABN"":""khkj""}"
"
"
"2015-07-10 19:43:29",::1,/TaxiCel/PHP/Services/driverregistration,"{""txtUname"":""bapu"",""txtUfname"":""bapu"",""txtUlname"":""sahoo"",""txtUemail"":""bapu9u@gmail.com"",""txtUmobile"":"""",""txtUaddress"":""bhubaneswar"",""txtUpass"":""12345"",""refferal_code"":""0"",""txtCcname"":""aa"",""txtCaddress1"":""bb"",""txtCaddress2"":""bb"",""txtCcity"":""vv"",""txtCregion"":""yt"",""txtCpcode"":""yu"",""txtCmobile"":""8098"",""txtCABN"":""khkj""}"
"
"
"2015-07-10 19:43:50",::1,/TaxiCel/PHP/Services/driverregistration,"{""txtUname"":""bapu"",""txtUfname"":""bapu"",""txtUlname"":""sahoo"",""txtUemail"":""bapu3u@gmail.com"",""txtUmobile"":"""",""txtUaddress"":""bhubaneswar"",""txtUpass"":""12345"",""refferal_code"":""0"",""txtCcname"":""aa"",""txtCaddress1"":""bb"",""txtCaddress2"":""bb"",""txtCcity"":""vv"",""txtCregion"":""yt"",""txtCpcode"":""yu"",""txtCmobile"":""8098"",""txtCABN"":""khkj""}"
"
"
"2015-07-10 19:45:38",::1,/TaxiCel/PHP/Services/driverregistration,"{""txtUname"":""bapu"",""txtUfname"":""bapu"",""txtUlname"":""sahoo"",""txtUemail"":""bapu2u@gmail.com"",""txtUmobile"":"""",""txtUaddress"":""bhubaneswar"",""txtUpass"":""12345"",""refferal_code"":""0"",""txtCcname"":""aa"",""txtCaddress1"":""bb"",""txtCaddress2"":""bb"",""txtCcity"":""vv"",""txtCregion"":""yt"",""txtCpcode"":""yu"",""txtCmobile"":""8098"",""txtCABN"":""khkj""}"
"
"
"2015-07-10 19:47:01",::1,/TaxiCel/PHP/Services/driverregistration,"{""txtUname"":""bapu"",""txtUfname"":""bapu"",""txtUlname"":""sahoo"",""txtUemail"":""bapu8u@gmail.com"",""txtUmobile"":"""",""txtUaddress"":""bhubaneswar"",""txtUpass"":""12345"",""refferal_code"":""0"",""txtCcname"":""aa"",""txtCaddress1"":""bb"",""txtCaddress2"":""bb"",""txtCcity"":""vv"",""txtCregion"":""yt"",""txtCpcode"":""yu"",""txtCmobile"":""8098"",""txtCABN"":""khkj""}"
"
"
"2015-07-10 19:47:38",::1,/TaxiCel/PHP/Services/driverregistration,"{""txtUname"":""bapu"",""txtUfname"":""bapu"",""txtUlname"":""sahoo"",""txtUemail"":""bap11u@gmail.com"",""txtUmobile"":"""",""txtUaddress"":""bhubaneswar"",""txtUpass"":""12345"",""refferal_code"":""0"",""txtCcname"":""aa"",""txtCaddress1"":""bb"",""txtCaddress2"":""bb"",""txtCcity"":""vv"",""txtCregion"":""yt"",""txtCpcode"":""yu"",""txtCmobile"":""8098"",""txtCABN"":""khkj""}"
"
"
"2015-07-10 19:48:09",::1,/TaxiCel/PHP/Services/driverregistration,"{""txtUname"":""bapu"",""txtUfname"":""bapu"",""txtUlname"":""sahoo"",""txtUemail"":""bap11ssu@gmail.com"",""txtUmobile"":"""",""txtUaddress"":""bhubaneswar"",""txtUpass"":""12345"",""refferal_code"":""0"",""txtCcname"":""aa"",""txtCaddress1"":""bb"",""txtCaddress2"":""bb"",""txtCcity"":""vv"",""txtCregion"":""yt"",""txtCpcode"":""yu"",""txtCmobile"":""8098"",""txtCABN"":""khkj""}"
"
"
"2015-07-10 20:09:06",::1,/TaxiCel/PHP/Services/driverregistration,"{""txtUname"":""ghjg"",""txtUfname"":""we"",""txtUlname"":""23"",""txtUemail"":""a@yahoo.com"",""txtUmobile"":""876545"",""txtUaddress"":""kolkata"",""txtUpass"":""1234"",""refferal_code"":""UERW"",""txtCcname"":""hkj"",""txtCaddress1"":""hjkhkj"",""txtCaddress2"":""khjkh"",""txtCcity"":""jkhjh"",""txtCregion"":""khkjhkj"",""txtCpcode"":""jkhkjhk"",""txtCmobile"":""kjhjkhkj"",""txtCABN"":""khjkhkj""}"
"
"
"2015-07-10 20:13:49",::1,/TaxiCel/PHP/Services/driverregistration,"{""txtUname"":""ghjg"",""txtUfname"":""we"",""txtUlname"":""23"",""txtUemail"":""ass@yahoo.com"",""txtUmobile"":""876545"",""txtUaddress"":""kolkata"",""txtUpass"":""1234"",""refferal_code"":""UERW"",""txtCcname"":""hkj"",""txtCaddress1"":""hjkhkj"",""txtCaddress2"":""khjkh"",""txtCcity"":""jkhjh"",""txtCregion"":""khkjhkj"",""txtCpcode"":""jkhkjhk"",""txtCmobile"":""kjhjkhkj"",""txtCABN"":""khjkhkj""}"
"
"
"2015-07-10 20:14:21",::1,/TaxiCel/PHP/Services/driverregistration,"{""txtUname"":""asas"",""txtUfname"":""sasa"",""txtUlname"":""sasa"",""txtUemail"":""asa@gmail.il"",""txtUmobile"":""asas"",""txtUaddress"":""sas"",""txtUpass"":""sasa"",""refferal_code"":""sasa"",""txtCcname"":""ssas"",""txtCaddress1"":""sasa"",""txtCaddress2"":""sasa"",""txtCcity"":""asas"",""txtCregion"":""sasa"",""txtCpcode"":""ssasas"",""txtCmobile"":""sasa"",""txtCABN"":""sasa""}"
"
"
"2015-07-24 15:17:12",::1,/TaxiCel/PHP/Services/end_trip,"{""driver_lat"":""23.454"",""driver_lon"":""23,54"",""ride_id"":""172"",""ride_cost"":""100""}"
"
"
"2015-07-24 15:17:35",::1,/TaxiCel/PHP/Services/start_trip,"{""driver_lat"":""23.23"",""driver_lon"":""45.33"",""ride_id"":""1""}"
"
"
"2015-07-24 15:17:39",::1,/TaxiCel/PHP/Services/start_trip,"{""driver_lat"":""23.23"",""driver_lon"":""45.33"",""ride_id"":""""}"
"
"
"2015-07-24 15:17:40",::1,/TaxiCel/PHP/Services/start_trip,"{""driver_lat"":""23.23"",""driver_lon"":""45.33"",""ride_id"":""""}"
"
"
"2015-07-24 15:17:46",::1,/TaxiCel/PHP/Services/start_trip,"{""driver_lat"":""1"",""driver_lon"":"""",""ride_id"":""1""}"
"
"
"2015-07-24 15:17:52",::1,/TaxiCel/PHP/Services/start_trip,"{""driver_lat"":""1"",""driver_lon"":"""",""ride_id"":""1""}"
"
"
"2015-07-24 15:17:50",::1,/TaxiCel/PHP/Services/start_trip,"{""driver_lat"":""1"",""driver_lon"":"""",""ride_id"":""1""}"
"
"
"2015-07-24 15:18:42",::1,/TaxiCel/PHP/Services/start_trip,"{""driver_lat"":""34.34"",""driver_lon"":""34.43"",""ride_id"":""""}"
"
"
"2015-07-24 15:20:14",::1,/TaxiCel/PHP/Services/start_trip,"{""driver_lat"":""22.6189"",""driver_lon"":""88.4300"",""ride_id"":""""}"
"
"
"2015-07-24 15:27:06",::1,/TaxiCel/PHP/Services/start_trip,"{""device_type"":""1"",""driver_id"":""170"",""driver_lat"":""22.6189"",""driver_lon"":""88.4300"",""ride_id"":""1""}"
"
"
"2015-07-24 15:27:13",::1,/TaxiCel/PHP/Services/start_trip,"{""device_type"":""1"",""driver_id"":""170"",""driver_lat"":""22.6189"",""driver_lon"":""88.4300"",""ride_id"":""""}"
"
"
"2015-07-24 15:28:02",::1,/TaxiCel/PHP/Services/start_trip,"{""device_type"":""1"",""driver_id"":""170"",""driver_lat"":""22.6189"",""driver_lon"":""88.4300"",""ride_id"":""24""}"
"
"
"2015-07-24 15:28:07",::1,/TaxiCel/PHP/Services/start_trip,"{""device_type"":""1"",""driver_id"":""170"",""driver_lat"":""22.6189"",""driver_lon"":""88.4300"",""ride_id"":""25""}"
"
"
"2015-07-24 15:28:10",::1,/TaxiCel/PHP/Services/start_trip,"{""device_type"":""1"",""driver_id"":""170"",""driver_lat"":""22.6189"",""driver_lon"":""88.4300"",""ride_id"":""25""}"
"
"
"2015-07-24 15:28:55",::1,/TaxiCel/PHP/Services/start_trip,"{""device_type"":""1"",""driver_id"":""170"",""driver_lat"":""22.6189"",""driver_lon"":""88.4300"",""ride_id"":""172""}"
"
"
"2015-07-24 15:35:59",::1,/TaxiCel/PHP/Services/start_trip,"{""device_type"":""1"",""driver_id"":""170"",""driver_lat"":""22.6189"",""driver_lon"":""88.4300"",""ride_id"":""""}"
"
"
"2015-07-24 15:36:02",::1,/TaxiCel/PHP/Services/start_trip,"{""device_type"":""1"",""driver_id"":""170"",""driver_lat"":""22.6189"",""driver_lon"":""88.4300"",""ride_id"":""""}"
"
"
"2015-07-24 15:36:03",::1,/TaxiCel/PHP/Services/start_trip,"{""device_type"":""1"",""driver_id"":""170"",""driver_lat"":""22.6189"",""driver_lon"":""88.4300"",""ride_id"":""""}"
"
"
"2015-07-24 15:36:04",::1,/TaxiCel/PHP/Services/start_trip,"{""device_type"":""1"",""driver_id"":""170"",""driver_lat"":""22.6189"",""driver_lon"":""88.4300"",""ride_id"":""""}"
"
"
"2015-07-24 15:36:04",::1,/TaxiCel/PHP/Services/start_trip,"{""device_type"":""1"",""driver_id"":""170"",""driver_lat"":""22.6189"",""driver_lon"":""88.4300"",""ride_id"":""""}"
"
"
"2015-07-24 15:36:04",::1,/TaxiCel/PHP/Services/start_trip,"{""device_type"":""1"",""driver_id"":""170"",""driver_lat"":""22.6189"",""driver_lon"":""88.4300"",""ride_id"":""""}"
"
"
"2015-07-24 15:36:04",::1,/TaxiCel/PHP/Services/start_trip,"{""device_type"":""1"",""driver_id"":""170"",""driver_lat"":""22.6189"",""driver_lon"":""88.4300"",""ride_id"":""""}"
"
"
"2015-07-24 15:36:04",::1,/TaxiCel/PHP/Services/start_trip,"{""device_type"":""1"",""driver_id"":""170"",""driver_lat"":""22.6189"",""driver_lon"":""88.4300"",""ride_id"":""""}"
"
"
"2015-07-24 15:36:04",::1,/TaxiCel/PHP/Services/start_trip,"{""device_type"":""1"",""driver_id"":""170"",""driver_lat"":""22.6189"",""driver_lon"":""88.4300"",""ride_id"":""""}"
"
"
"2015-07-24 15:36:05",::1,/TaxiCel/PHP/Services/start_trip,"{""device_type"":""1"",""driver_id"":""170"",""driver_lat"":""22.6189"",""driver_lon"":""88.4300"",""ride_id"":""""}"
"
"
"2015-07-24 15:36:05",::1,/TaxiCel/PHP/Services/start_trip,"{""device_type"":""1"",""driver_id"":""170"",""driver_lat"":""22.6189"",""driver_lon"":""88.4300"",""ride_id"":""""}"
"
"
"2015-07-24 15:36:05",::1,/TaxiCel/PHP/Services/start_trip,"{""device_type"":""1"",""driver_id"":""170"",""driver_lat"":""22.6189"",""driver_lon"":""88.4300"",""ride_id"":""""}"
"
"
"2015-07-24 15:38:12",::1,/TaxiCel/PHP/Services/start_trip,"{""device_type"":""1"",""driver_id"":""170"",""driver_lat"":""22.6189"",""driver_lon"":""88.4300"",""ride_id"":""1""}"
"
"
"2015-07-24 15:38:16",::1,/TaxiCel/PHP/Services/start_trip,"{""device_type"":""1"",""driver_id"":""170"",""driver_lat"":""22.6189"",""driver_lon"":""88.4300"",""ride_id"":""2""}"
"
"
"2015-07-24 15:38:17",::1,/TaxiCel/PHP/Services/start_trip,"{""device_type"":""1"",""driver_id"":""170"",""driver_lat"":""22.6189"",""driver_lon"":""88.4300"",""ride_id"":""2""}"
"
"
"2015-07-24 15:38:19",::1,/TaxiCel/PHP/Services/start_trip,"{""device_type"":""1"",""driver_id"":""170"",""driver_lat"":""22.6189"",""driver_lon"":""88.4300"",""ride_id"":""3""}"
"
"
"2015-07-24 15:38:23",::1,/TaxiCel/PHP/Services/start_trip,"{""device_type"":""1"",""driver_id"":""170"",""driver_lat"":""22.6189"",""driver_lon"":""88.4300"",""ride_id"":""4""}"
"
"
"2015-07-24 15:38:24",::1,/TaxiCel/PHP/Services/start_trip,"{""device_type"":""1"",""driver_id"":""170"",""driver_lat"":""22.6189"",""driver_lon"":""88.4300"",""ride_id"":""4""}"
"
"
"2015-07-24 15:38:28",::1,/TaxiCel/PHP/Services/start_trip,"{""device_type"":""1"",""driver_id"":""170"",""driver_lat"":""22.6189"",""driver_lon"":""88.4300"",""ride_id"":""5""}"
"
"
"2015-07-24 15:38:28",::1,/TaxiCel/PHP/Services/start_trip,"{""device_type"":""1"",""driver_id"":""170"",""driver_lat"":""22.6189"",""driver_lon"":""88.4300"",""ride_id"":""5""}"
"
"
"2015-07-24 15:38:29",::1,/TaxiCel/PHP/Services/start_trip,"{""device_type"":""1"",""driver_id"":""170"",""driver_lat"":""22.6189"",""driver_lon"":""88.4300"",""ride_id"":""5""}"
"
"
"2015-07-24 15:38:29",::1,/TaxiCel/PHP/Services/start_trip,"{""device_type"":""1"",""driver_id"":""170"",""driver_lat"":""22.6189"",""driver_lon"":""88.4300"",""ride_id"":""5""}"
"
"
"2015-07-24 15:38:29",::1,/TaxiCel/PHP/Services/start_trip,"{""device_type"":""1"",""driver_id"":""170"",""driver_lat"":""22.6189"",""driver_lon"":""88.4300"",""ride_id"":""5""}"
"
"
"2015-07-24 15:38:29",::1,/TaxiCel/PHP/Services/start_trip,"{""device_type"":""1"",""driver_id"":""170"",""driver_lat"":""22.6189"",""driver_lon"":""88.4300"",""ride_id"":""5""}"
"
"
"2015-07-24 15:38:29",::1,/TaxiCel/PHP/Services/start_trip,"{""device_type"":""1"",""driver_id"":""170"",""driver_lat"":""22.6189"",""driver_lon"":""88.4300"",""ride_id"":""5""}"
"
"
"2015-07-24 15:38:29",::1,/TaxiCel/PHP/Services/start_trip,"{""device_type"":""1"",""driver_id"":""170"",""driver_lat"":""22.6189"",""driver_lon"":""88.4300"",""ride_id"":""5""}"
"
"
"2015-07-24 15:38:30",::1,/TaxiCel/PHP/Services/start_trip,"{""device_type"":""1"",""driver_id"":""170"",""driver_lat"":""22.6189"",""driver_lon"":""88.4300"",""ride_id"":""5""}"
"
"
"2015-07-24 15:38:30",::1,/TaxiCel/PHP/Services/start_trip,"{""device_type"":""1"",""driver_id"":""170"",""driver_lat"":""22.6189"",""driver_lon"":""88.4300"",""ride_id"":""5""}"
"
"
"2015-07-24 15:38:30",::1,/TaxiCel/PHP/Services/start_trip,"{""device_type"":""1"",""driver_id"":""170"",""driver_lat"":""22.6189"",""driver_lon"":""88.4300"",""ride_id"":""5""}"
"
"
"2015-07-24 15:38:30",::1,/TaxiCel/PHP/Services/start_trip,"{""device_type"":""1"",""driver_id"":""170"",""driver_lat"":""22.6189"",""driver_lon"":""88.4300"",""ride_id"":""5""}"
"
"
"2015-07-24 15:38:30",::1,/TaxiCel/PHP/Services/start_trip,"{""device_type"":""1"",""driver_id"":""170"",""driver_lat"":""22.6189"",""driver_lon"":""88.4300"",""ride_id"":""5""}"
"
"
"2015-07-24 15:59:19",::1,/TaxiCel/PHP/Services/start_trip,"{""device_type"":""1"",""driver_id"":""170"",""driver_lat"":""22.6189"",""driver_lon"":""88.4300"",""ride_id"":""1""}"
"
"
"2015-07-24 15:59:36",::1,/TaxiCel/PHP/Services/start_trip,"{""device_type"":""1"",""driver_id"":""170"",""driver_lat"":""22.6189"",""driver_lon"":""88.4300"",""ride_id"":""1"",""user_id"":""168""}"
"
"
"2015-07-24 15:59:54",::1,/TaxiCel/PHP/Services/start_trip,"{""device_type"":""1"",""driver_id"":""170"",""driver_lat"":""22.6189"",""driver_lon"":""88.4300"",""ride_id"":""1"",""user_id"":""168""}"
"
"
"2015-07-24 16:00:38",::1,/TaxiCel/PHP/Services/start_trip,"{""device_type"":""1"",""driver_id"":""170"",""driver_lat"":""22.6189"",""driver_lon"":""88.4300"",""ride_id"":""1"",""user_id"":""168""}"
"
"
"2015-07-24 16:01:28",::1,/TaxiCel/PHP/Services/start_trip,"{""device_type"":""1"",""driver_id"":""170"",""driver_lat"":""22.6189"",""driver_lon"":""88.4300"",""ride_id"":""1"",""user_id"":""168""}"
"
"
"2015-07-24 16:04:20",::1,/TaxiCel/PHP/Services/start_trip,"{""device_type"":""1"",""driver_id"":""170"",""driver_lat"":""22.6189"",""driver_lon"":""88.4300"",""ride_id"":""1"",""user_id"":""168""}"
"
"
"2015-07-24 16:32:49",::1,/TaxiCel/PHP/Services/start_trip,"{""device_type"":""1"",""driver_id"":""170"",""driver_lat"":""22.6189"",""driver_lon"":""88.4300"",""ride_id"":""25"",""user_id"":""170""}"
"
"
"2015-07-24 16:35:01",::1,/TaxiCel/PHP/Services/start_trip,"{""device_type"":""1"",""driver_id"":""170"",""driver_lat"":""22.6189"",""driver_lon"":""88.4300"",""ride_id"":""25"",""user_id"":""170""}"
"
"
"2015-07-24 16:39:55",::1,/TaxiCel/PHP/Services/start_trip,"{""device_type"":""1"",""driver_id"":""170"",""driver_lat"":""22.6189"",""driver_lon"":""88.4300"",""ride_id"":""25"",""user_id"":""170""}"
"
"
"2015-07-24 16:39:58",::1,/TaxiCel/PHP/Services/start_trip,"{""device_type"":""1"",""driver_id"":""170"",""driver_lat"":""22.6189"",""driver_lon"":""88.4300"",""ride_id"":""25"",""user_id"":""170""}"
"
"
"2015-07-24 16:46:35",::1,/TaxiCel/PHP/Services/start_trip,"{""device_type"":""1"",""driver_id"":""170"",""driver_lat"":""22.5667378"",""driver_lon"":""88.3929875"",""ride_id"":""26"",""user_id"":""191""}"
"
"
"2015-07-24 16:47:07",::1,/TaxiCel/PHP/Services/start_trip,"{""device_type"":""1"",""driver_id"":""170"",""driver_lat"":""22.5667378"",""driver_lon"":""88.3929875"",""ride_id"":""26"",""user_id"":""191""}"
"
"
"2015-07-24 16:48:23",::1,/TaxiCel/PHP/Services/end_trip,"{""device_type"":""1"",""driver_id"":""170"",""driver_lat"":""22.6167843"",""driver_lon"":""88.4274591999999"",""ride_id"":""26"",""ride_cost"":""1""}"
"
"
"2015-07-24 16:59:13",::1,/TaxiCel/PHP/Services/end_trip,"{""device_type"":""1"",""driver_id"":""170"",""driver_lat"":""22.6167843"",""driver_lon"":""88.4274591999999"",""ride_id"":""26"",""ride_cost"":""1""}"
"
"
"2015-07-24 17:01:44",::1,/TaxiCel/PHP/Services/end_trip,"{""device_type"":""1"",""driver_id"":""170"",""driver_lat"":""22.6167843"",""driver_lon"":""88.4274591999999"",""ride_id"":""26"",""ride_cost"":""1""}"
"
"
"2015-07-24 17:03:30",::1,/TaxiCel/PHP/Services/end_trip,"{""device_type"":""1"",""driver_id"":""170"",""driver_lat"":""22.6167843"",""driver_lon"":""88.4274591999999"",""ride_id"":""26"",""ride_cost"":""1""}"
"
"
"2015-07-24 17:05:46",::1,/TaxiCel/PHP/Services/end_trip,"{""device_type"":""1"",""driver_id"":""170"",""driver_lat"":""22.6167843"",""driver_lon"":""88.4274591999999"",""ride_id"":""26"",""ride_cost"":""1""}"
"
"
"2015-07-24 17:06:31",::1,/TaxiCel/PHP/Services/end_trip,"{""device_type"":""1"",""driver_id"":""170"",""driver_lat"":""22.6167843"",""driver_lon"":""88.4274591999999"",""ride_id"":""26"",""ride_cost"":""1""}"
"
"
"2015-07-24 17:07:30",::1,/TaxiCel/PHP/Services/end_trip,"{""device_type"":""1"",""driver_id"":""170"",""driver_lat"":""22.6167843"",""driver_lon"":""88.4274591999999"",""ride_id"":""26"",""ride_cost"":""1""}"
"
"
"2015-07-24 17:09:59",::1,/TaxiCel/PHP/Services/end_trip,"{""device_type"":""1"",""driver_id"":""170"",""driver_lat"":""22.6167843"",""driver_lon"":""88.4274591999999"",""ride_id"":""26"",""ride_cost"":""1""}"
"
"
"2015-07-24 17:10:27",::1,/TaxiCel/PHP/Services/end_trip,"{""device_type"":""1"",""driver_id"":""170"",""driver_lat"":""22.6167843"",""driver_lon"":""88.4274591999999"",""ride_id"":""26"",""ride_cost"":""1""}"
"
"
"2015-07-24 17:11:22",::1,/TaxiCel/PHP/Services/end_trip,"{""device_type"":""1"",""driver_id"":""170"",""driver_lat"":""22.6167843"",""driver_lon"":""88.4274591999999"",""ride_id"":""26"",""ride_cost"":""1""}"
"
"
"2015-07-24 17:12:22",::1,/TaxiCel/PHP/Services/end_trip,"{""device_type"":""1"",""driver_id"":""170"",""driver_lat"":""22.6167843"",""driver_lon"":""88.4274591999999"",""ride_id"":""26"",""ride_cost"":""1""}"
"
"
"2015-07-24 17:13:02",::1,/TaxiCel/PHP/Services/end_trip,"{""device_type"":""1"",""driver_id"":""170"",""driver_lat"":""22.6167843"",""driver_lon"":""88.4274591999999"",""ride_id"":""26"",""ride_cost"":""1""}"
"
"
"2015-07-24 17:15:53",::1,/TaxiCel/PHP/Services/end_trip,"{""device_type"":""1"",""driver_id"":""170"",""driver_lat"":""22.6167843"",""driver_lon"":""88.4274591999999"",""ride_id"":""26"",""ride_cost"":""1""}"
"
"
"2015-07-24 17:16:54",::1,/TaxiCel/PHP/Services/end_trip,"{""device_type"":""1"",""driver_id"":""170"",""driver_lat"":""22.6167843"",""driver_lon"":""88.4274591999999"",""ride_id"":""26"",""ride_cost"":""1""}"
"
"
"2015-07-24 17:17:29",::1,/TaxiCel/PHP/Services/end_trip,"{""device_type"":""1"",""driver_id"":""170"",""driver_lat"":""22.6167843"",""driver_lon"":""88.4274591999999"",""ride_id"":""26"",""ride_cost"":""1""}"
"
"
"2015-07-24 17:30:45",::1,/TaxiCel/PHP/Services/end_trip,"{""device_type"":""1"",""driver_id"":""170"",""driver_lat"":""22.6167843"",""driver_lon"":""88.4274591999999"",""ride_id"":""26"",""ride_cost"":""1""}"
"
"
"2015-07-24 17:31:24",::1,/TaxiCel/PHP/Services/end_trip,"{""device_type"":""1"",""driver_id"":""170"",""driver_lat"":""22.6167843"",""driver_lon"":""88.4274591999999"",""ride_id"":""26"",""ride_cost"":""1""}"
"
"
"2015-07-24 17:31:55",::1,/TaxiCel/PHP/Services/end_trip,"{""device_type"":""1"",""driver_id"":""170"",""driver_lat"":""22.6167843"",""driver_lon"":""88.4274591999999"",""ride_id"":""26"",""ride_cost"":""1""}"
"
"
"2015-07-24 17:34:49",::1,/TaxiCel/PHP/Services/end_trip,"{""device_type"":""1"",""driver_id"":""170"",""driver_lat"":""22.6167843"",""driver_lon"":""88.4274591999999"",""ride_id"":""26"",""ride_cost"":""1""}"
"
"
"2015-07-24 17:35:09",::1,/TaxiCel/PHP/Services/end_trip,"{""device_type"":""1"",""driver_id"":""170"",""driver_lat"":""22.6167843"",""driver_lon"":""88.4274591999999"",""ride_id"":""26"",""ride_cost"":""1""}"
"
"
"2015-07-24 17:35:10",::1,/TaxiCel/PHP/Services/end_trip,"{""device_type"":""1"",""driver_id"":""170"",""driver_lat"":""22.6167843"",""driver_lon"":""88.4274591999999"",""ride_id"":""26"",""ride_cost"":""1""}"
"
"
"2015-07-24 17:35:10",::1,/TaxiCel/PHP/Services/end_trip,"{""device_type"":""1"",""driver_id"":""170"",""driver_lat"":""22.6167843"",""driver_lon"":""88.4274591999999"",""ride_id"":""26"",""ride_cost"":""1""}"
"
"
"2015-07-24 17:35:10",::1,/TaxiCel/PHP/Services/end_trip,"{""device_type"":""1"",""driver_id"":""170"",""driver_lat"":""22.6167843"",""driver_lon"":""88.4274591999999"",""ride_id"":""26"",""ride_cost"":""1""}"
"
"
"2015-07-24 17:35:11",::1,/TaxiCel/PHP/Services/end_trip,"{""device_type"":""1"",""driver_id"":""170"",""driver_lat"":""22.6167843"",""driver_lon"":""88.4274591999999"",""ride_id"":""26"",""ride_cost"":""1""}"
"
"
"2015-07-24 17:35:11",::1,/TaxiCel/PHP/Services/end_trip,"{""device_type"":""1"",""driver_id"":""170"",""driver_lat"":""22.6167843"",""driver_lon"":""88.4274591999999"",""ride_id"":""26"",""ride_cost"":""1""}"
"
"
"2015-07-24 17:35:11",::1,/TaxiCel/PHP/Services/end_trip,"{""device_type"":""1"",""driver_id"":""170"",""driver_lat"":""22.6167843"",""driver_lon"":""88.4274591999999"",""ride_id"":""26"",""ride_cost"":""1""}"
"
"
"2015-07-24 17:35:11",::1,/TaxiCel/PHP/Services/end_trip,"{""device_type"":""1"",""driver_id"":""170"",""driver_lat"":""22.6167843"",""driver_lon"":""88.4274591999999"",""ride_id"":""26"",""ride_cost"":""1""}"
"
"
"2015-07-24 17:35:11",::1,/TaxiCel/PHP/Services/end_trip,"{""device_type"":""1"",""driver_id"":""170"",""driver_lat"":""22.6167843"",""driver_lon"":""88.4274591999999"",""ride_id"":""26"",""ride_cost"":""1""}"
"
"
"2015-07-24 17:35:30",::1,/TaxiCel/PHP/Services/end_trip,"{""device_type"":""1"",""driver_id"":""170"",""driver_lat"":""22.6167843"",""driver_lon"":""88.4274591999999"",""ride_id"":""26"",""ride_cost"":""1""}"
"
"
"2015-07-24 17:35:56",::1,/TaxiCel/PHP/Services/end_trip,"{""device_type"":""1"",""driver_id"":""170"",""driver_lat"":""22.6167843"",""driver_lon"":""88.4274591999999"",""ride_id"":""26"",""ride_cost"":""1""}"
"
"
"2015-07-24 17:36:15",::1,/TaxiCel/PHP/Services/end_trip,"{""device_type"":""1"",""driver_id"":""170"",""driver_lat"":""22.6167843"",""driver_lon"":""88.4274591999999"",""ride_id"":""26"",""ride_cost"":""1""}"
"
"
"2015-07-24 17:36:22",::1,/TaxiCel/PHP/Services/end_trip,"{""device_type"":""1"",""driver_id"":""170"",""driver_lat"":""22.6167843"",""driver_lon"":""88.4274591999999"",""ride_id"":""26"",""ride_cost"":""1""}"
"
"
"2015-07-24 17:40:24",::1,/TaxiCel/PHP/Services/end_trip,"{""device_type"":""1"",""driver_id"":""170"",""driver_lat"":""22.6167843"",""driver_lon"":""88.4274591999999"",""ride_id"":""26"",""ride_cost"":""1""}"
"
"
"2015-07-24 17:42:00",::1,/TaxiCel/PHP/Services/end_trip,"{""device_type"":""1"",""driver_id"":""170"",""driver_lat"":""22.6167843"",""driver_lon"":""88.4274591999999"",""ride_id"":""26"",""ride_cost"":""1""}"
"
"
"2015-07-24 17:42:08",::1,/TaxiCel/PHP/Services/end_trip,"{""device_type"":""1"",""driver_id"":""170"",""driver_lat"":""22.6167843"",""driver_lon"":""88.4274591999999"",""ride_id"":""26"",""ride_cost"":""1""}"
"
"
"2015-07-24 17:43:06",::1,/TaxiCel/PHP/Services/end_trip,"{""device_type"":""1"",""driver_id"":""170"",""driver_lat"":""22.6167843"",""driver_lon"":""88.4274591999999"",""ride_id"":""26"",""ride_cost"":""1""}"
"
"
"2015-07-24 17:43:25",::1,/TaxiCel/PHP/Services/end_trip,"{""device_type"":""1"",""driver_id"":""170"",""driver_lat"":""22.6167843"",""driver_lon"":""88.4274591999999"",""ride_id"":""26"",""ride_cost"":""1""}"
"
"
"2015-07-24 17:44:10",::1,/TaxiCel/PHP/Services/end_trip,"{""device_type"":""1"",""driver_id"":""170"",""driver_lat"":""22.6167843"",""driver_lon"":""88.4274591999999"",""ride_id"":""26"",""ride_cost"":""1""}"
"
"
"2015-07-24 17:46:52",::1,/TaxiCel/PHP/Services/end_trip,"{""device_type"":""1"",""driver_id"":""170"",""driver_lat"":""22.6167843"",""driver_lon"":""88.4274591999999"",""ride_id"":""26"",""ride_cost"":""1""}"
"
"
"2015-07-24 17:47:06",::1,/TaxiCel/PHP/Services/end_trip,"{""device_type"":""1"",""driver_id"":""170"",""driver_lat"":""22.6167843"",""driver_lon"":""88.4274591999999"",""ride_id"":""26"",""ride_cost"":""1""}"
"
"
"2015-07-24 17:48:45",::1,/TaxiCel/PHP/Services/end_trip,"{""device_type"":""1"",""driver_id"":""170"",""driver_lat"":""22.6167843"",""driver_lon"":""88.4274591999999"",""ride_id"":""26"",""ride_cost"":""1""}"
"
"
"2015-07-24 17:49:49",::1,/TaxiCel/PHP/Services/end_trip,"{""device_type"":""1"",""driver_id"":""170"",""driver_lat"":""22.6167843"",""driver_lon"":""88.4274591999999"",""ride_id"":""26"",""ride_cost"":""1""}"
"
"
"2015-07-24 17:50:11",::1,/TaxiCel/PHP/Services/end_trip,"{""device_type"":""1"",""driver_id"":""170"",""driver_lat"":""22.6167843"",""driver_lon"":""88.4274591999999"",""ride_id"":""26"",""ride_cost"":""1""}"
"
"
"2015-07-24 17:50:47",::1,/TaxiCel/PHP/Services/end_trip,"{""device_type"":""1"",""driver_id"":""170"",""driver_lat"":""22.6167843"",""driver_lon"":""88.4274591999999"",""ride_id"":""26"",""ride_cost"":""1""}"
"
"
"2015-07-24 17:51:27",::1,/TaxiCel/PHP/Services/end_trip,"{""device_type"":""1"",""driver_id"":""170"",""driver_lat"":""22.6167843"",""driver_lon"":""88.4274591999999"",""ride_id"":""26"",""ride_cost"":""1""}"
"
"
"2015-07-24 17:54:31",::1,/TaxiCel/PHP/Services/end_trip,"{""device_type"":""1"",""driver_id"":""170"",""driver_lat"":""22.6167843"",""driver_lon"":""88.4274591999999"",""ride_id"":""26"",""ride_cost"":""1""}"
"
"
"2015-07-24 17:54:55",::1,/TaxiCel/PHP/Services/end_trip,"{""device_type"":""1"",""driver_id"":""170"",""driver_lat"":""22.6167843"",""driver_lon"":""88.4274591999999"",""ride_id"":""26"",""ride_cost"":""1""}"
"
"
"2015-07-24 17:55:04",::1,/TaxiCel/PHP/Services/end_trip,"{""device_type"":""1"",""driver_id"":""170"",""driver_lat"":""22.6167843"",""driver_lon"":""88.4274591999999"",""ride_id"":""26"",""ride_cost"":""1""}"
"
"
"2015-07-24 17:58:07",::1,/TaxiCel/PHP/Services/end_trip,"{""device_type"":""1"",""driver_id"":""170"",""driver_lat"":""22.6167843"",""driver_lon"":""88.4274591999999"",""ride_id"":""26"",""ride_cost"":""1""}"
"
"
"2015-07-24 17:59:06",::1,/TaxiCel/PHP/Services/end_trip,"{""device_type"":""1"",""driver_id"":""170"",""driver_lat"":""22.6167843"",""driver_lon"":""88.4274591999999"",""ride_id"":""26"",""ride_cost"":""1""}"
"
"
"2015-07-24 17:59:22",::1,/TaxiCel/PHP/Services/end_trip,"{""device_type"":""1"",""driver_id"":""170"",""driver_lat"":""22.6167843"",""driver_lon"":""88.4274591999999"",""ride_id"":""26"",""ride_cost"":""1""}"
"
"
"2015-07-24 17:59:51",::1,/TaxiCel/PHP/Services/end_trip,"{""device_type"":""1"",""driver_id"":""170"",""driver_lat"":""22.6167843"",""driver_lon"":""88.4274591999999"",""ride_id"":""26"",""ride_cost"":""1""}"
"
"
"2015-07-24 18:00:15",::1,/TaxiCel/PHP/Services/end_trip,"{""device_type"":""1"",""driver_id"":""170"",""driver_lat"":""22.6167843"",""driver_lon"":""88.4274591999999"",""ride_id"":""26"",""ride_cost"":""1""}"
"
"
"2015-07-24 18:00:38",::1,/TaxiCel/PHP/Services/end_trip,"{""device_type"":""1"",""driver_id"":""170"",""driver_lat"":""22.6167843"",""driver_lon"":""88.4274591999999"",""ride_id"":""26"",""ride_cost"":""1""}"
"
"
"2015-07-24 18:08:47",::1,/TaxiCel/PHP/Services/start_trip,"{""device_type"":""1"",""driver_id"":""170"",""driver_lat"":""22.5667378"",""driver_lon"":""88.3929875"",""ride_id"":""26"",""user_id"":""191""}"
"
"
"2015-07-24 18:09:26",::1,/TaxiCel/PHP/Services/start_trip,"{""device_type"":""1"",""driver_id"":""170"",""driver_lat"":""22.5667378"",""driver_lon"":""88.3929875"",""ride_id"":""26"",""user_id"":""191""}"
"
"
"2015-07-24 18:09:41",::1,/TaxiCel/PHP/Services/start_trip,"{""device_type"":""1"",""driver_id"":""170"",""driver_lat"":""22.5667378"",""driver_lon"":""88.3929875"",""ride_id"":""26"",""user_id"":""191""}"
"
"
"2015-07-24 18:09:43",::1,/TaxiCel/PHP/Services/start_trip,"{""device_type"":""1"",""driver_id"":""170"",""driver_lat"":""22.5667378"",""driver_lon"":""88.3929875"",""ride_id"":""26"",""user_id"":""191""}"
"
"
"2015-07-24 18:09:43",::1,/TaxiCel/PHP/Services/start_trip,"{""device_type"":""1"",""driver_id"":""170"",""driver_lat"":""22.5667378"",""driver_lon"":""88.3929875"",""ride_id"":""26"",""user_id"":""191""}"
"
"
"2015-07-24 18:09:43",::1,/TaxiCel/PHP/Services/start_trip,"{""device_type"":""1"",""driver_id"":""170"",""driver_lat"":""22.5667378"",""driver_lon"":""88.3929875"",""ride_id"":""26"",""user_id"":""191""}"
"
"
"2015-07-24 18:09:44",::1,/TaxiCel/PHP/Services/start_trip,"{""device_type"":""1"",""driver_id"":""170"",""driver_lat"":""22.5667378"",""driver_lon"":""88.3929875"",""ride_id"":""26"",""user_id"":""191""}"
"
"
"2015-07-24 18:10:23",::1,/TaxiCel/PHP/Services/start_trip,"{""device_type"":""1"",""driver_id"":""170"",""driver_lat"":""22.5667378"",""driver_lon"":""88.3929875"",""ride_id"":""26"",""user_id"":""191""}"
"
"
"2015-07-24 18:10:35",::1,/TaxiCel/PHP/Services/start_trip,"{""device_type"":""1"",""driver_id"":""170"",""driver_lat"":""22.5667378"",""driver_lon"":""88.3929875"",""ride_id"":""26"",""user_id"":""191""}"
"
"
"2015-07-24 18:10:36",::1,/TaxiCel/PHP/Services/start_trip,"{""device_type"":""1"",""driver_id"":""170"",""driver_lat"":""22.5667378"",""driver_lon"":""88.3929875"",""ride_id"":""26"",""user_id"":""191""}"
"
"
"2015-07-24 18:10:37",::1,/TaxiCel/PHP/Services/start_trip,"{""device_type"":""1"",""driver_id"":""170"",""driver_lat"":""22.5667378"",""driver_lon"":""88.3929875"",""ride_id"":""26"",""user_id"":""191""}"
"
"
"2015-07-24 18:10:38",::1,/TaxiCel/PHP/Services/start_trip,"{""device_type"":""1"",""driver_id"":""170"",""driver_lat"":""22.5667378"",""driver_lon"":""88.3929875"",""ride_id"":""26"",""user_id"":""191""}"
"
"
"2015-07-24 18:10:39",::1,/TaxiCel/PHP/Services/start_trip,"{""device_type"":""1"",""driver_id"":""170"",""driver_lat"":""22.5667378"",""driver_lon"":""88.3929875"",""ride_id"":""26"",""user_id"":""191""}"
"
"
"2015-07-24 18:10:39",::1,/TaxiCel/PHP/Services/start_trip,"{""device_type"":""1"",""driver_id"":""170"",""driver_lat"":""22.5667378"",""driver_lon"":""88.3929875"",""ride_id"":""26"",""user_id"":""191""}"
"
"
"2015-07-24 18:11:29",::1,/TaxiCel/PHP/Services/end_trip,"{""device_type"":""1"",""driver_id"":""170"",""driver_lat"":""22.6167843"",""driver_lon"":""88.427459199999"",""ride_id"":""26"",""ride_cost"":""2000"",""user_id"":""191""}"
"
"
"2015-07-24 18:14:12",::1,/TaxiCel/PHP/Services/end_trip,"{""device_type"":""1"",""driver_id"":""170"",""driver_lat"":""22.6167843"",""driver_lon"":""88.427459199999"",""ride_id"":""26"",""ride_cost"":""2000"",""user_id"":""191""}"
"
"
"2015-07-24 18:14:28",::1,/TaxiCel/PHP/Services/end_trip,"{""device_type"":""1"",""driver_id"":""170"",""driver_lat"":""22.6167843"",""driver_lon"":""88.427459199999"",""ride_id"":""26"",""ride_cost"":""2000"",""user_id"":""191""}"
"
"
"2015-07-24 19:00:46",::1,/TaxiCel/PHP/Services/end_trip,"{""device_type"":""1"",""driver_id"":""170"",""driver_lat"":""22.6167843"",""driver_lon"":""88.427459199999"",""ride_id"":""26"",""ride_cost"":""2000"",""user_id"":""191""}"
"
"
"2015-07-24 19:01:03",::1,/TaxiCel/PHP/Services/end_trip,"{""device_type"":""1"",""driver_id"":""170"",""driver_lat"":""22.6167843"",""driver_lon"":""88.427459199999"",""ride_id"":""26"",""ride_cost"":""2000"",""user_id"":""191""}"
"
"
"2015-07-24 19:01:44",::1,/TaxiCel/PHP/Services/end_trip,"{""device_type"":""1"",""driver_id"":""170"",""driver_lat"":""22.6167843"",""driver_lon"":""88.427459199999"",""ride_id"":""26"",""ride_cost"":""2000"",""user_id"":""191""}"
"
"
"2015-07-24 19:03:58",::1,/TaxiCel/PHP/Services/end_trip,"{""device_type"":""1"",""driver_id"":""170"",""driver_lat"":""22.6167843"",""driver_lon"":""88.4274591999999"",""ride_id"":""26"",""ride_cost"":""1""}"
"
"
"2015-07-24 19:04:02",::1,/TaxiCel/PHP/Services/end_trip,"{""device_type"":""1"",""driver_id"":""170"",""driver_lat"":""22.6167843"",""driver_lon"":""88.4274591999999"",""ride_id"":""26"",""ride_cost"":""1""}"
"
"
"2015-07-24 19:04:03",::1,/TaxiCel/PHP/Services/end_trip,"{""device_type"":""1"",""driver_id"":""170"",""driver_lat"":""22.6167843"",""driver_lon"":""88.4274591999999"",""ride_id"":""26"",""ride_cost"":""1""}"
"
"
"2015-07-24 19:04:31",::1,/TaxiCel/PHP/Services/end_trip,"{""device_type"":""1"",""driver_id"":""170"",""driver_lat"":""22.6167843"",""driver_lon"":""88.4274591999999"",""ride_id"":""26"",""ride_cost"":""1""}"
"
"
"2015-07-24 19:04:33",::1,/TaxiCel/PHP/Services/end_trip,"{""device_type"":""1"",""driver_id"":""170"",""driver_lat"":""22.6167843"",""driver_lon"":""88.4274591999999"",""ride_id"":""26"",""ride_cost"":""1""}"
"
"
"2015-07-24 19:05:05",::1,/TaxiCel/PHP/Services/end_trip,"{""device_type"":""1"",""driver_id"":""170"",""driver_lat"":""22.6167843"",""driver_lon"":""88.4274591999999"",""ride_id"":""26"",""ride_cost"":""1""}"
"
"
"2015-07-24 19:07:48",::1,/TaxiCel/PHP/Services/end_trip,"{""device_type"":""1"",""driver_id"":""170"",""driver_lat"":""22.6167843"",""driver_lon"":""88.4274591999999"",""ride_id"":""26"",""ride_cost"":""1""}"
"
"
"2015-07-24 19:09:16",::1,/TaxiCel/PHP/Services/end_trip,"{""device_type"":""1"",""driver_id"":""170"",""driver_lat"":""22.6167843"",""driver_lon"":""88.4274591999999"",""ride_id"":""26"",""ride_cost"":""1""}"
"
"
"2015-07-24 19:09:39",::1,/TaxiCel/PHP/Services/end_trip,"{""device_type"":""1"",""driver_id"":""170"",""driver_lat"":""22.6167843"",""driver_lon"":""88.4274591999999"",""ride_id"":""26"",""ride_cost"":""1""}"
"
"
"2015-07-24 19:10:44",::1,/TaxiCel/PHP/Services/end_trip,"{""device_type"":""1"",""driver_id"":""170"",""driver_lat"":""22.6167843"",""driver_lon"":""88.4274591999999"",""ride_id"":""26"",""ride_cost"":""1""}"
"
"
"2015-07-24 19:11:16",::1,/TaxiCel/PHP/Services/end_trip,"{""device_type"":""1"",""driver_id"":""170"",""driver_lat"":""22.6167843"",""driver_lon"":""88.4274591999999"",""ride_id"":""26"",""ride_cost"":""1""}"
"
"
"2015-07-24 19:13:19",::1,/TaxiCel/PHP/Services/end_trip,"{""device_type"":""1"",""driver_id"":""170"",""driver_lat"":""22.6167843"",""driver_lon"":""88.4274591999999"",""ride_id"":""26"",""ride_cost"":""1""}"
"
"
"2015-07-24 19:14:01",::1,/TaxiCel/PHP/Services/end_trip,"{""device_type"":""1"",""driver_id"":""170"",""driver_lat"":""22.6167843"",""driver_lon"":""88.4274591999999"",""ride_id"":""26"",""ride_cost"":""1""}"
"
"
"2015-07-24 19:16:08",::1,/TaxiCel/PHP/Services/end_trip,"{""device_type"":""1"",""driver_id"":""170"",""driver_lat"":""22.6167843"",""driver_lon"":""88.4274591999999"",""ride_id"":""26"",""ride_cost"":""1""}"
"
"
"2015-07-24 19:17:30",::1,/TaxiCel/PHP/Services/end_trip,"{""device_type"":""1"",""driver_id"":""170"",""driver_lat"":""22.6167843"",""driver_lon"":""88.4274591999999"",""ride_id"":""26"",""ride_cost"":""1""}"
"
"
"2015-07-24 19:18:28",::1,/TaxiCel/PHP/Services/end_trip,"{""device_type"":""1"",""driver_id"":""170"",""driver_lat"":""22.6167843"",""driver_lon"":""88.4274591999999"",""ride_id"":""26"",""ride_cost"":""1""}"
"
"
"2015-07-24 19:37:23",::1,/TaxiCel/PHP/Services/end_trip,"{""device_type"":""1"",""driver_id"":""170"",""driver_lat"":""22.6167843"",""driver_lon"":""88.4274591999999"",""ride_id"":""26"",""ride_cost"":""1""}"
"
"
"2015-07-24 19:37:40",::1,/TaxiCel/PHP/Services/end_trip,"{""device_type"":""1"",""driver_id"":""170"",""driver_lat"":""22.6167843"",""driver_lon"":""88.4274591999999"",""ride_id"":""26"",""ride_cost"":""1""}"
"
"
"2015-07-24 19:38:21",::1,/TaxiCel/PHP/Services/end_trip,"{""device_type"":""1"",""driver_id"":""170"",""driver_lat"":""22.6167843"",""driver_lon"":""88.4274591999999"",""ride_id"":""26"",""ride_cost"":""1""}"
"
"
"2015-07-24 19:39:50",::1,/TaxiCel/PHP/Services/end_trip,"{""device_type"":""1"",""driver_id"":""170"",""driver_lat"":""22.6167843"",""driver_lon"":""88.4274591999999"",""ride_id"":""26"",""ride_cost"":""1""}"
"
"
"2015-07-24 19:40:33",::1,/TaxiCel/PHP/Services/end_trip,"{""device_type"":""1"",""driver_id"":""170"",""driver_lat"":""22.6167843"",""driver_lon"":""88.4274591999999"",""ride_id"":""26"",""ride_cost"":""1""}"
"
"
"2015-07-24 19:40:55",::1,/TaxiCel/PHP/Services/end_trip,"{""device_type"":""1"",""driver_id"":""170"",""driver_lat"":""22.6167843"",""driver_lon"":""88.4274591999999"",""ride_id"":""26"",""ride_cost"":""1"",""user_id"":""191""}"
"
"
"2015-07-24 19:41:16",::1,/TaxiCel/PHP/Services/end_trip,"{""device_type"":""1"",""driver_id"":""170"",""driver_lat"":""22.6167843"",""driver_lon"":""88.4274591999999"",""ride_id"":""26"",""ride_cost"":""1"",""user_id"":""191""}"
"
"
"2015-07-24 19:41:33",::1,/TaxiCel/PHP/Services/end_trip,"{""device_type"":""1"",""driver_id"":""170"",""driver_lat"":""22.6167843"",""driver_lon"":""88.4274591999999"",""ride_id"":""26"",""ride_cost"":""1"",""user_id"":""191""}"
"
"
"2015-07-24 19:44:09",::1,/TaxiCel/PHP/Services/end_trip,"{""device_type"":""1"",""driver_id"":""170"",""driver_lat"":""22.6167843"",""driver_lon"":""88.4274591999999"",""ride_id"":""26"",""ride_cost"":""1"",""user_id"":""191""}"
"
"
"2015-07-24 19:44:55",::1,/TaxiCel/PHP/Services/end_trip,"{""device_type"":""1"",""driver_id"":""170"",""driver_lat"":""22.6167843"",""driver_lon"":""88.4274591999999"",""ride_id"":""26"",""ride_cost"":""3000"",""user_id"":""191""}"
"
"
"2015-07-24 19:45:35",::1,/TaxiCel/PHP/Services/end_trip,"{""device_type"":""1"",""driver_id"":""170"",""driver_lat"":""22.6167843"",""driver_lon"":""88.4274591999999"",""ride_id"":""26"",""ride_cost"":""3000"",""user_id"":""191""}"
"
"
"2015-07-24 19:45:37",::1,/TaxiCel/PHP/Services/end_trip,"{""device_type"":""1"",""driver_id"":""170"",""driver_lat"":""22.6167843"",""driver_lon"":""88.4274591999999"",""ride_id"":""26"",""ride_cost"":""3000"",""user_id"":""191""}"
"
"
"2015-07-24 19:47:03",::1,/TaxiCel/PHP/Services/end_trip,"{""device_type"":""1"",""driver_id"":""170"",""driver_lat"":""22.6167843"",""driver_lon"":""88.427459199999"",""ride_id"":""26"",""ride_cost"":""2000"",""user_id"":""191""}"
"
"
"2015-07-24 19:47:04",::1,/TaxiCel/PHP/Services/end_trip,"{""device_type"":""1"",""driver_id"":""170"",""driver_lat"":""22.6167843"",""driver_lon"":""88.427459199999"",""ride_id"":""26"",""ride_cost"":""2000"",""user_id"":""191""}"
"
"
"2015-07-24 19:47:04",::1,/TaxiCel/PHP/Services/end_trip,"{""device_type"":""1"",""driver_id"":""170"",""driver_lat"":""22.6167843"",""driver_lon"":""88.427459199999"",""ride_id"":""26"",""ride_cost"":""2000"",""user_id"":""191""}"
"
"
"2015-07-24 19:47:19",::1,/TaxiCel/PHP/Services/end_trip,"{""device_type"":""1"",""driver_id"":""170"",""driver_lat"":""22.6167843"",""driver_lon"":""88.427459199999"",""ride_id"":""26"",""ride_cost"":""2000"",""user_id"":""191""}"
"
"
"2015-07-24 19:47:52",::1,/TaxiCel/PHP/Services/end_trip,"{""device_type"":""1"",""driver_id"":""170"",""driver_lat"":""22.6167843"",""driver_lon"":""88.427459199999"",""ride_id"":""26"",""ride_cost"":""2000"",""user_id"":""191""}"
"
"
"2015-07-24 19:50:38",::1,/TaxiCel/PHP/Services/end_trip,"{""device_type"":""1"",""driver_id"":""170"",""driver_lat"":""22.6167843"",""driver_lon"":""88.427459199999"",""ride_id"":""26"",""ride_cost"":""2000"",""user_id"":""191""}"
"
"
"2015-07-24 20:02:07",::1,/TaxiCel/PHP/Services/end_trip,"{""device_type"":""1"",""driver_id"":""170"",""driver_lat"":""22.6167843"",""driver_lon"":""88.427459199999"",""ride_id"":""26"",""ride_cost"":""2000"",""user_id"":""191""}"
"
"
"2015-07-24 20:03:31",::1,/TaxiCel/PHP/Services/end_trip,"{""device_type"":""1"",""driver_id"":""170"",""driver_lat"":""22.6167843"",""driver_lon"":""88.427459199999"",""ride_id"":""26"",""ride_cost"":""2000"",""user_id"":""191""}"
"
"
"2015-07-24 20:05:42",::1,/TaxiCel/PHP/Services/end_trip,"{""device_type"":""1"",""driver_id"":""170"",""driver_lat"":""22.6167843"",""driver_lon"":""88.427459199999"",""ride_id"":""26"",""ride_cost"":""2000"",""user_id"":""191""}"
"
"
"2015-07-24 20:05:48",::1,/TaxiCel/PHP/Services/end_trip,"{""device_type"":""1"",""driver_id"":""170"",""driver_lat"":""22.6167843"",""driver_lon"":""88.427459199999"",""ride_id"":""26"",""ride_cost"":""2000"",""user_id"":""191""}"
"
"
"2015-07-24 20:06:07",::1,/TaxiCel/PHP/Services/end_trip,"{""device_type"":""1"",""driver_id"":""170"",""driver_lat"":""22.6167843"",""driver_lon"":""88.427459199999"",""ride_id"":""26"",""ride_cost"":""2000"",""user_id"":""191""}"
"
"
"2015-07-24 20:08:40",::1,/TaxiCel/PHP/Services/end_trip,"{""device_type"":""1"",""driver_id"":""170"",""driver_lat"":""22.6167843"",""driver_lon"":""88.427459199999"",""ride_id"":""26"",""ride_cost"":""2000"",""user_id"":""191""}"
"
"
"2015-07-24 20:09:06",::1,/TaxiCel/PHP/Services/end_trip,"{""device_type"":""1"",""driver_id"":""170"",""driver_lat"":""22.6167843"",""driver_lon"":""88.427459199999"",""ride_id"":""26"",""ride_cost"":""2000"",""user_id"":""191""}"
"
"
"2015-07-24 20:09:33",::1,/TaxiCel/PHP/Services/end_trip,"{""device_type"":""1"",""driver_id"":""170"",""driver_lat"":""22.6167843"",""driver_lon"":""88.427459199999"",""ride_id"":""26"",""ride_cost"":""2000"",""user_id"":""191""}"
"
"
"2015-07-24 20:09:49",::1,/TaxiCel/PHP/Services/end_trip,"{""device_type"":""1"",""driver_id"":""170"",""driver_lat"":""22.6167843"",""driver_lon"":""88.427459199999"",""ride_id"":""26"",""ride_cost"":""2000"",""user_id"":""191""}"
"
"
"2015-07-24 20:10:48",::1,/TaxiCel/PHP/Services/end_trip,"{""device_type"":""1"",""driver_id"":""170"",""driver_lat"":""22.6167843"",""driver_lon"":""88.427459199999"",""ride_id"":""26"",""ride_cost"":""2000"",""user_id"":""191""}"
"
"
"2015-07-24 20:13:43",::1,/TaxiCel/PHP/Services/end_trip,"{""device_type"":""1"",""driver_id"":""170"",""driver_lat"":""22.6167843"",""driver_lon"":""88.427459199999"",""ride_id"":""26"",""ride_cost"":""2000"",""user_id"":""191""}"
"
"
"2015-07-24 20:14:33",::1,/TaxiCel/PHP/Services/end_trip,"{""device_type"":""1"",""driver_id"":""170"",""driver_lat"":""22.6167843"",""driver_lon"":""88.427459199999"",""ride_id"":""26"",""ride_cost"":""2000"",""user_id"":""191""}"
"
"
"2015-07-24 20:15:04",::1,/TaxiCel/PHP/Services/end_trip,"{""device_type"":""1"",""driver_id"":""170"",""driver_lat"":""22.6167843"",""driver_lon"":""88.427459199999"",""ride_id"":""26"",""ride_cost"":""2000"",""user_id"":""191""}"
"
"
"2015-07-24 20:15:24",::1,/TaxiCel/PHP/Services/end_trip,"{""device_type"":""1"",""driver_id"":""170"",""driver_lat"":""22.6167843"",""driver_lon"":""88.427459199999"",""ride_id"":""26"",""ride_cost"":""2000"",""user_id"":""191""}"
"
"
"2015-07-24 20:15:45",::1,/TaxiCel/PHP/Services/end_trip,"{""device_type"":""1"",""driver_id"":""170"",""driver_lat"":""22.6167843"",""driver_lon"":""88.427459199999"",""ride_id"":""26"",""ride_cost"":""2000"",""user_id"":""191""}"
"
"
"2015-07-24 20:17:03",::1,/TaxiCel/PHP/Services/end_trip,"{""device_type"":""1"",""driver_id"":""170"",""driver_lat"":""22.6167843"",""driver_lon"":""88.427459199999"",""ride_id"":""26"",""ride_cost"":""2000"",""user_id"":""191""}"
"
"
"2015-07-24 20:21:02",::1,/TaxiCel/PHP/Services/end_trip,"{""device_type"":""1"",""driver_id"":""170"",""driver_lat"":""22.6167843"",""driver_lon"":""88.427459199999"",""ride_id"":""26"",""ride_cost"":""2000"",""user_id"":""191""}"
"
"
"2015-07-24 20:21:11",::1,/TaxiCel/PHP/Services/end_trip,"{""device_type"":""1"",""driver_id"":""170"",""driver_lat"":""22.6167843"",""driver_lon"":""88.427459199999"",""ride_id"":""26"",""ride_cost"":""2000"",""user_id"":""191""}"
"
"
"2015-07-24 20:22:14",::1,/TaxiCel/PHP/Services/end_trip,"{""device_type"":""1"",""driver_id"":""170"",""driver_lat"":""22.6167843"",""driver_lon"":""88.427459199999"",""ride_id"":""26"",""ride_cost"":""2000"",""user_id"":""191""}"
"
"
"2015-07-24 20:24:09",::1,/TaxiCel/PHP/Services/end_trip,"{""device_type"":""1"",""driver_id"":""170"",""driver_lat"":""22.6167843"",""driver_lon"":""88.427459199999"",""ride_id"":""26"",""ride_cost"":""2000"",""user_id"":""191""}"
"
"
"2015-07-24 20:24:53",::1,/TaxiCel/PHP/Services/end_trip,"{""device_type"":""1"",""driver_id"":""170"",""driver_lat"":""22.6167843"",""driver_lon"":""88.427459199999"",""ride_id"":""26"",""ride_cost"":""2000"",""user_id"":""191""}"
"
"
"2015-07-24 20:25:14",::1,/TaxiCel/PHP/Services/end_trip,"{""device_type"":""1"",""driver_id"":""170"",""driver_lat"":""22.6167843"",""driver_lon"":""88.427459199999"",""ride_id"":""26"",""ride_cost"":""2000"",""user_id"":""191""}"
"
"
"2015-07-24 20:25:35",::1,/TaxiCel/PHP/Services/end_trip,"{""device_type"":""1"",""driver_id"":""170"",""driver_lat"":""22.6167843"",""driver_lon"":""88.427459199999"",""ride_id"":""26"",""ride_cost"":""2000"",""user_id"":""191""}"
"
"
"2015-07-24 20:25:56",::1,/TaxiCel/PHP/Services/end_trip,"{""device_type"":""1"",""driver_id"":""170"",""driver_lat"":""22.6167843"",""driver_lon"":""88.427459199999"",""ride_id"":""26"",""ride_cost"":""2000"",""user_id"":""191""}"
"
"
"2015-07-24 20:26:09",::1,/TaxiCel/PHP/Services/end_trip,"{""device_type"":""1"",""driver_id"":""170"",""driver_lat"":""22.6167843"",""driver_lon"":""88.427459199999"",""ride_id"":""26"",""ride_cost"":""2000"",""user_id"":""191""}"
"
"
"2015-07-24 20:26:35",::1,/TaxiCel/PHP/Services/end_trip,"{""device_type"":""1"",""driver_id"":""170"",""driver_lat"":""22.6167843"",""driver_lon"":""88.427459199999"",""ride_id"":""26"",""ride_cost"":""2000"",""user_id"":""191""}"
"
"
"2015-07-24 20:27:48",::1,/TaxiCel/PHP/Services/end_trip,"{""device_type"":""1"",""driver_id"":""170"",""driver_lat"":""22.6167843"",""driver_lon"":""88.427459199999"",""ride_id"":""26"",""ride_cost"":""2000"",""user_id"":""191""}"
"
"
"2015-07-24 20:28:18",::1,/TaxiCel/PHP/Services/end_trip,"{""device_type"":""1"",""driver_id"":""170"",""driver_lat"":""22.6167843"",""driver_lon"":""88.427459199999"",""ride_id"":""26"",""ride_cost"":""2000"",""user_id"":""191""}"
"
"
"2015-07-24 20:28:36",::1,/TaxiCel/PHP/Services/end_trip,"{""device_type"":""1"",""driver_id"":""170"",""driver_lat"":""22.6167843"",""driver_lon"":""88.427459199999"",""ride_id"":""26"",""ride_cost"":""2000"",""user_id"":""191""}"
"
"
"2015-07-24 20:28:56",::1,/TaxiCel/PHP/Services/end_trip,"{""device_type"":""1"",""driver_id"":""170"",""driver_lat"":""22.6167843"",""driver_lon"":""88.427459199999"",""ride_id"":""26"",""ride_cost"":""2000"",""user_id"":""191""}"
"
"
"2015-07-24 20:29:14",::1,/TaxiCel/PHP/Services/end_trip,"{""device_type"":""1"",""driver_id"":""170"",""driver_lat"":""22.6167843"",""driver_lon"":""88.427459199999"",""ride_id"":""26"",""ride_cost"":""2000"",""user_id"":""191""}"
"
"
"2015-07-24 20:29:30",::1,/TaxiCel/PHP/Services/end_trip,"{""device_type"":""1"",""driver_id"":""170"",""driver_lat"":""22.6167843"",""driver_lon"":""88.427459199999"",""ride_id"":""26"",""ride_cost"":""2000"",""user_id"":""191""}"
"
"
"2015-07-24 20:29:49",::1,/TaxiCel/PHP/Services/end_trip,"{""device_type"":""1"",""driver_id"":""170"",""driver_lat"":""22.6167843"",""driver_lon"":""88.427459199999"",""ride_id"":""26"",""ride_cost"":""2000"",""user_id"":""191""}"
"
"
"2015-07-24 20:30:07",::1,/TaxiCel/PHP/Services/end_trip,"{""device_type"":""1"",""driver_id"":""170"",""driver_lat"":""22.6167843"",""driver_lon"":""88.427459199999"",""ride_id"":""26"",""ride_cost"":""2000"",""user_id"":""191""}"
"
"
"2015-07-24 20:30:29",::1,/TaxiCel/PHP/Services/end_trip,"{""device_type"":""1"",""driver_id"":""170"",""driver_lat"":""22.6167843"",""driver_lon"":""88.427459199999"",""ride_id"":""26"",""ride_cost"":""2000"",""user_id"":""191""}"
"
"
"2015-07-24 20:30:54",::1,/TaxiCel/PHP/Services/end_trip,"{""device_type"":""1"",""driver_id"":""170"",""driver_lat"":""22.6167843"",""driver_lon"":""88.427459199999"",""ride_id"":""26"",""ride_cost"":""2000"",""user_id"":""191""}"
"
"
"2015-07-24 20:31:14",::1,/TaxiCel/PHP/Services/end_trip,"{""device_type"":""1"",""driver_id"":""170"",""driver_lat"":""22.6167843"",""driver_lon"":""88.427459199999"",""ride_id"":""26"",""ride_cost"":""2000"",""user_id"":""191""}"
"
"
"2015-07-24 20:31:48",::1,/TaxiCel/PHP/Services/end_trip,"{""device_type"":""1"",""driver_id"":""170"",""driver_lat"":""22.6167843"",""driver_lon"":""88.427459199999"",""ride_id"":""26"",""ride_cost"":""2000"",""user_id"":""191""}"
"
"
"2015-07-24 20:32:08",::1,/TaxiCel/PHP/Services/end_trip,"{""device_type"":""1"",""driver_id"":""170"",""driver_lat"":""22.6167843"",""driver_lon"":""88.427459199999"",""ride_id"":""26"",""ride_cost"":""2000"",""user_id"":""191""}"
"
"
"2015-07-24 20:32:41",::1,/TaxiCel/PHP/Services/end_trip,"{""device_type"":""1"",""driver_id"":""170"",""driver_lat"":""22.6167843"",""driver_lon"":""88.427459199999"",""ride_id"":""26"",""ride_cost"":""2000"",""user_id"":""191""}"
"
"
"2015-07-24 20:33:07",::1,/TaxiCel/PHP/Services/end_trip,"{""device_type"":""1"",""driver_id"":""170"",""driver_lat"":""22.6167843"",""driver_lon"":""88.427459199999"",""ride_id"":""26"",""ride_cost"":""2000"",""user_id"":""191""}"
"
"
"2015-07-24 20:33:45",::1,/TaxiCel/PHP/Services/end_trip,"{""device_type"":""1"",""driver_id"":""170"",""driver_lat"":""22.6167843"",""driver_lon"":""88.427459199999"",""ride_id"":""26"",""ride_cost"":""2000"",""user_id"":""191""}"
"
"
"2015-07-24 20:34:16",::1,/TaxiCel/PHP/Services/end_trip,"{""device_type"":""1"",""driver_id"":""170"",""driver_lat"":""22.6167843"",""driver_lon"":""88.427459199999"",""ride_id"":""26"",""ride_cost"":""2000"",""user_id"":""191""}"
"
"
"2015-07-24 20:34:54",::1,/TaxiCel/PHP/Services/end_trip,"{""device_type"":""1"",""driver_id"":""170"",""driver_lat"":""22.6167843"",""driver_lon"":""88.427459199999"",""ride_id"":""26"",""ride_cost"":""2000"",""user_id"":""191""}"
"
"
"2015-07-24 20:35:20",::1,/TaxiCel/PHP/Services/end_trip,"{""device_type"":""1"",""driver_id"":""170"",""driver_lat"":""22.6167843"",""driver_lon"":""88.427459199999"",""ride_id"":""26"",""ride_cost"":""2000"",""user_id"":""191""}"
"
"
"2015-07-24 20:35:23",::1,/TaxiCel/PHP/Services/end_trip,"{""device_type"":""1"",""driver_id"":""170"",""driver_lat"":""22.6167843"",""driver_lon"":""88.427459199999"",""ride_id"":""26"",""ride_cost"":""2000"",""user_id"":""191""}"
"
"
"2015-07-24 20:35:54",::1,/TaxiCel/PHP/Services/end_trip,"{""device_type"":""1"",""driver_id"":""170"",""driver_lat"":""22.6167843"",""driver_lon"":""88.427459199999"",""ride_id"":""26"",""ride_cost"":""2000"",""user_id"":""191""}"
"
"
"2015-07-24 20:36:18",::1,/TaxiCel/PHP/Services/end_trip,"{""device_type"":""1"",""driver_id"":""170"",""driver_lat"":""22.6167843"",""driver_lon"":""88.427459199999"",""ride_id"":""26"",""ride_cost"":""2000"",""user_id"":""191""}"
"
"
"2015-07-24 20:38:18",::1,/TaxiCel/PHP/Services/end_trip,"{""device_type"":""1"",""driver_id"":""170"",""driver_lat"":""22.6167843"",""driver_lon"":""88.427459199999"",""ride_id"":""26"",""ride_cost"":""2000"",""user_id"":""191""}"
"
"
"2015-07-24 20:38:52",::1,/TaxiCel/PHP/Services/end_trip,"{""device_type"":""1"",""driver_id"":""170"",""driver_lat"":""22.6167843"",""driver_lon"":""88.427459199999"",""ride_id"":""26"",""ride_cost"":""2000"",""user_id"":""191""}"
"
"
"2015-07-24 20:39:05",::1,/TaxiCel/PHP/Services/end_trip,"{""device_type"":""1"",""driver_id"":""170"",""driver_lat"":""22.6167843"",""driver_lon"":""88.427459199999"",""ride_id"":""26"",""ride_cost"":""2000"",""user_id"":""191""}"
"
"
"2015-07-24 20:41:47",::1,/TaxiCel/PHP/Services/end_trip,"{""device_type"":""1"",""driver_id"":""170"",""driver_lat"":""22.6167843"",""driver_lon"":""88.427459199999"",""ride_id"":""26"",""ride_cost"":""2000"",""user_id"":""191""}"
"
"
"2015-07-24 20:41:52",::1,/TaxiCel/PHP/Services/end_trip,"{""device_type"":""1"",""driver_id"":""170"",""driver_lat"":""22.6167843"",""driver_lon"":""88.427459199999"",""ride_id"":""26"",""ride_cost"":""2000"",""user_id"":""191""}"
"
"
"2015-07-24 20:42:16",::1,/TaxiCel/PHP/Services/end_trip,"{""device_type"":""1"",""driver_id"":""170"",""driver_lat"":""22.6167843"",""driver_lon"":""88.427459199999"",""ride_id"":""26"",""ride_cost"":""2000"",""user_id"":""191""}"
"
"
"2015-07-24 20:42:23",::1,/TaxiCel/PHP/Services/end_trip,"{""device_type"":""1"",""driver_id"":""170"",""driver_lat"":""22.6167843"",""driver_lon"":""88.427459199999"",""ride_id"":""26"",""ride_cost"":""2000"",""user_id"":""191""}"
"
"
"2015-07-24 20:42:45",::1,/TaxiCel/PHP/Services/end_trip,"{""device_type"":""1"",""driver_id"":""170"",""driver_lat"":""22.6167843"",""driver_lon"":""88.427459199999"",""ride_id"":""26"",""ride_cost"":""2000"",""user_id"":""191""}"
"
"
"2015-07-24 20:43:10",::1,/TaxiCel/PHP/Services/end_trip,"{""device_type"":""1"",""driver_id"":""170"",""driver_lat"":""22.6167843"",""driver_lon"":""88.427459199999"",""ride_id"":""26"",""ride_cost"":""2000"",""user_id"":""191""}"
"
"
"2015-07-24 20:43:40",::1,/TaxiCel/PHP/Services/end_trip,"{""device_type"":""1"",""driver_id"":""170"",""driver_lat"":""22.6167843"",""driver_lon"":""88.427459199999"",""ride_id"":""26"",""ride_cost"":""2000"",""user_id"":""191""}"
"
"
"2015-07-24 20:43:58",::1,/TaxiCel/PHP/Services/end_trip,"{""device_type"":""1"",""driver_id"":""170"",""driver_lat"":""22.6167843"",""driver_lon"":""88.427459199999"",""ride_id"":""26"",""ride_cost"":""2000"",""user_id"":""191""}"
"
"
"2015-07-24 20:44:34",::1,/TaxiCel/PHP/Services/end_trip,"{""device_type"":""1"",""driver_id"":""170"",""driver_lat"":""22.6167843"",""driver_lon"":""88.427459199999"",""ride_id"":""26"",""ride_cost"":""2000"",""user_id"":""191""}"
"
"
"2015-07-24 20:45:04",::1,/TaxiCel/PHP/Services/end_trip,"{""device_type"":""1"",""driver_id"":""170"",""driver_lat"":""22.6167843"",""driver_lon"":""88.427459199999"",""ride_id"":""26"",""ride_cost"":""2000"",""user_id"":""191""}"
"
"
"2015-07-24 20:45:19",::1,/TaxiCel/PHP/Services/end_trip,"{""device_type"":""1"",""driver_id"":""170"",""driver_lat"":""22.6167843"",""driver_lon"":""88.427459199999"",""ride_id"":""26"",""ride_cost"":""2000"",""user_id"":""191""}"
"
"
"2015-07-24 20:45:51",::1,/TaxiCel/PHP/Services/end_trip,"{""device_type"":""1"",""driver_id"":""170"",""driver_lat"":""22.6167843"",""driver_lon"":""88.427459199999"",""ride_id"":""26"",""ride_cost"":""2000"",""user_id"":""191""}"
"
"
"2015-07-24 20:46:04",::1,/TaxiCel/PHP/Services/end_trip,"{""device_type"":""1"",""driver_id"":""170"",""driver_lat"":""22.6167843"",""driver_lon"":""88.427459199999"",""ride_id"":""26"",""ride_cost"":""2000"",""user_id"":""191""}"
"
"
"2015-07-27 16:15:25",::1,/TaxiCel/PHP/Services/end_trip,"{""device_type"":""1"",""driver_id"":""170"",""driver_lat"":""22.5667378"",""driver_lon"":""88.3929875"",""ride_id"":""26"",""ride_cost"":""6000"",""user_id"":""191""}"
"
"
"2015-07-27 16:41:21",::1,/TaxiCel/PHP/Services/end_trip,"{""device_type"":""1"",""driver_id"":""170"",""driver_lat"":""22.5667378"",""driver_lon"":""88.3929875"",""ride_id"":""26"",""ride_cost"":""6000"",""user_id"":""191""}"
"
"
"2015-07-27 16:41:46",::1,/TaxiCel/PHP/Services/end_trip,"{""device_type"":""1"",""driver_id"":""170"",""driver_lat"":""22.5667378"",""driver_lon"":""88.3929875"",""ride_id"":""26"",""ride_cost"":""6000"",""user_id"":""191""}"
"
"
"2015-07-27 16:41:59",::1,/TaxiCel/PHP/Services/end_trip,"{""device_type"":""1"",""driver_id"":""170"",""driver_lat"":""22.5667378"",""driver_lon"":""88.3929875"",""ride_id"":""26"",""ride_cost"":""6000"",""user_id"":""191""}"
"
"
"2015-07-27 16:42:43",::1,/TaxiCel/PHP/Services/end_trip,"{""device_type"":""1"",""driver_id"":""170"",""driver_lat"":""22.5667378"",""driver_lon"":""88.3929875"",""ride_id"":""26"",""ride_cost"":""6000"",""user_id"":""191""}"
"
"
"2015-07-27 16:42:45",::1,/TaxiCel/PHP/Services/end_trip,"{""device_type"":""1"",""driver_id"":""170"",""driver_lat"":""22.5667378"",""driver_lon"":""88.3929875"",""ride_id"":""26"",""ride_cost"":""6000"",""user_id"":""191""}"
"
"
"2015-07-27 16:42:46",::1,/TaxiCel/PHP/Services/end_trip,"{""device_type"":""1"",""driver_id"":""170"",""driver_lat"":""22.5667378"",""driver_lon"":""88.3929875"",""ride_id"":""26"",""ride_cost"":""6000"",""user_id"":""191""}"
"
"
"2015-07-27 16:42:46",::1,/TaxiCel/PHP/Services/end_trip,"{""device_type"":""1"",""driver_id"":""170"",""driver_lat"":""22.5667378"",""driver_lon"":""88.3929875"",""ride_id"":""26"",""ride_cost"":""6000"",""user_id"":""191""}"
"
"
"2015-07-27 16:42:46",::1,/TaxiCel/PHP/Services/end_trip,"{""device_type"":""1"",""driver_id"":""170"",""driver_lat"":""22.5667378"",""driver_lon"":""88.3929875"",""ride_id"":""26"",""ride_cost"":""6000"",""user_id"":""191""}"
"
"
"2015-07-27 16:42:46",::1,/TaxiCel/PHP/Services/end_trip,"{""device_type"":""1"",""driver_id"":""170"",""driver_lat"":""22.5667378"",""driver_lon"":""88.3929875"",""ride_id"":""26"",""ride_cost"":""6000"",""user_id"":""191""}"
"
"
"2015-07-27 16:42:46",::1,/TaxiCel/PHP/Services/end_trip,"{""device_type"":""1"",""driver_id"":""170"",""driver_lat"":""22.5667378"",""driver_lon"":""88.3929875"",""ride_id"":""26"",""ride_cost"":""6000"",""user_id"":""191""}"
"
"
"2015-07-27 16:42:47",::1,/TaxiCel/PHP/Services/end_trip,"{""device_type"":""1"",""driver_id"":""170"",""driver_lat"":""22.5667378"",""driver_lon"":""88.3929875"",""ride_id"":""26"",""ride_cost"":""6000"",""user_id"":""191""}"
"
"
"2015-07-27 16:42:47",::1,/TaxiCel/PHP/Services/end_trip,"{""device_type"":""1"",""driver_id"":""170"",""driver_lat"":""22.5667378"",""driver_lon"":""88.3929875"",""ride_id"":""26"",""ride_cost"":""6000"",""user_id"":""191""}"
"
"
"2015-07-27 16:42:47",::1,/TaxiCel/PHP/Services/end_trip,"{""device_type"":""1"",""driver_id"":""170"",""driver_lat"":""22.5667378"",""driver_lon"":""88.3929875"",""ride_id"":""26"",""ride_cost"":""6000"",""user_id"":""191""}"
"
"
"2015-07-27 16:42:47",::1,/TaxiCel/PHP/Services/end_trip,"{""device_type"":""1"",""driver_id"":""170"",""driver_lat"":""22.5667378"",""driver_lon"":""88.3929875"",""ride_id"":""26"",""ride_cost"":""6000"",""user_id"":""191""}"
"
"
"2015-07-27 16:42:57",::1,/TaxiCel/PHP/Services/end_trip,"{""device_type"":""1"",""driver_id"":""170"",""driver_lat"":""22.5667378"",""driver_lon"":""88.3929875"",""ride_id"":""26"",""ride_cost"":""6000"",""user_id"":""191""}"
"
"
"2015-07-27 16:47:28",::1,/TaxiCel/PHP/Services/end_trip,"{""device_type"":""1"",""driver_id"":""170"",""driver_lat"":""22.5667378"",""driver_lon"":""88.3929875"",""ride_id"":""26"",""ride_cost"":""6000"",""user_id"":""191""}"
"
"
"2015-07-27 16:53:02",::1,/TaxiCel/PHP/Services/end_trip,"{""device_type"":""1"",""driver_id"":""170"",""driver_lat"":""22.5667378"",""driver_lon"":""88.3929875"",""ride_id"":""26"",""ride_cost"":""6000"",""user_id"":""191""}"
"
"
"2015-07-27 16:53:19",::1,/TaxiCel/PHP/Services/end_trip,"{""device_type"":""1"",""driver_id"":""170"",""driver_lat"":""22.5667378"",""driver_lon"":""88.3929875"",""ride_id"":""26"",""ride_cost"":""6000"",""user_id"":""191""}"
"
"
"2015-07-27 16:53:20",::1,/TaxiCel/PHP/Services/end_trip,"{""device_type"":""1"",""driver_id"":""170"",""driver_lat"":""22.5667378"",""driver_lon"":""88.3929875"",""ride_id"":""26"",""ride_cost"":""6000"",""user_id"":""191""}"
"
"
"2015-07-27 16:53:20",::1,/TaxiCel/PHP/Services/end_trip,"{""device_type"":""1"",""driver_id"":""170"",""driver_lat"":""22.5667378"",""driver_lon"":""88.3929875"",""ride_id"":""26"",""ride_cost"":""6000"",""user_id"":""191""}"
"
"
"2015-07-27 16:53:20",::1,/TaxiCel/PHP/Services/end_trip,"{""device_type"":""1"",""driver_id"":""170"",""driver_lat"":""22.5667378"",""driver_lon"":""88.3929875"",""ride_id"":""26"",""ride_cost"":""6000"",""user_id"":""191""}"
"
"
"2015-07-27 16:53:20",::1,/TaxiCel/PHP/Services/end_trip,"{""device_type"":""1"",""driver_id"":""170"",""driver_lat"":""22.5667378"",""driver_lon"":""88.3929875"",""ride_id"":""26"",""ride_cost"":""6000"",""user_id"":""191""}"
"
"
"2015-07-27 16:53:21",::1,/TaxiCel/PHP/Services/end_trip,"{""device_type"":""1"",""driver_id"":""170"",""driver_lat"":""22.5667378"",""driver_lon"":""88.3929875"",""ride_id"":""26"",""ride_cost"":""6000"",""user_id"":""191""}"
"
"
"2015-07-27 16:53:21",::1,/TaxiCel/PHP/Services/end_trip,"{""device_type"":""1"",""driver_id"":""170"",""driver_lat"":""22.5667378"",""driver_lon"":""88.3929875"",""ride_id"":""26"",""ride_cost"":""6000"",""user_id"":""191""}"
"
"
"2015-07-27 16:53:22",::1,/TaxiCel/PHP/Services/end_trip,"{""device_type"":""1"",""driver_id"":""170"",""driver_lat"":""22.5667378"",""driver_lon"":""88.3929875"",""ride_id"":""26"",""ride_cost"":""6000"",""user_id"":""191""}"
"
"
"2015-07-27 16:53:22",::1,/TaxiCel/PHP/Services/end_trip,"{""device_type"":""1"",""driver_id"":""170"",""driver_lat"":""22.5667378"",""driver_lon"":""88.3929875"",""ride_id"":""26"",""ride_cost"":""6000"",""user_id"":""191""}"
"
"
"2015-07-27 16:55:51",::1,/TaxiCel/PHP/Services/end_trip,"{""device_type"":""1"",""driver_id"":""170"",""driver_lat"":""22.5667378"",""driver_lon"":""88.3929875"",""ride_id"":""26"",""ride_cost"":""6000"",""user_id"":""191""}"
"
"
"2015-07-27 17:05:22",::1,/TaxiCel/PHP/Services/end_trip,"{""device_type"":""1"",""driver_id"":""170"",""driver_lat"":""22.5667378"",""driver_lon"":""88.3929875"",""ride_id"":""26"",""ride_cost"":""6000"",""user_id"":""191""}"
"
"
"2015-07-27 17:10:30",::1,/TaxiCel/PHP/Services/end_trip,"{""device_type"":""1"",""driver_id"":""170"",""driver_lat"":""22.5667378"",""driver_lon"":""88.3929875"",""ride_id"":""26"",""ride_cost"":""6000"",""user_id"":""191""}"
"
"
"2015-07-27 17:11:03",::1,/TaxiCel/PHP/Services/end_trip,"{""device_type"":""1"",""driver_id"":""170"",""driver_lat"":""22.5667378"",""driver_lon"":""88.3929875"",""ride_id"":""26"",""ride_cost"":""6000"",""user_id"":""191""}"
"
"
"2015-07-27 17:15:37",::1,/TaxiCel/PHP/Services/end_trip,"{""device_type"":""1"",""driver_id"":""170"",""driver_lat"":""22.5667378"",""driver_lon"":""88.3929875"",""ride_id"":""26"",""ride_cost"":""6000"",""user_id"":""191""}"
"
"
"2015-07-27 17:15:49",::1,/TaxiCel/PHP/Services/end_trip,"{""device_type"":""1"",""driver_id"":""170"",""driver_lat"":""22.5667378"",""driver_lon"":""88.3929875"",""ride_id"":""26"",""ride_cost"":""6000"",""user_id"":""191""}"
"
"
"2015-07-27 17:20:15",::1,/TaxiCel/PHP/Services/end_trip,"{""device_type"":""1"",""driver_id"":""170"",""driver_lat"":""22.5667378"",""driver_lon"":""88.3929875"",""ride_id"":""26"",""ride_cost"":""6000"",""user_id"":""191""}"
"
"
"2015-07-27 18:31:18",::1,/TaxiCel/PHP/Services/end_trip,"{""device_type"":""1"",""driver_id"":""170"",""driver_lat"":""22.5667378"",""driver_lon"":""88.3929875"",""ride_id"":""26"",""ride_cost"":""6000"",""user_id"":""191""}"
"
"
"2015-07-27 18:32:35",::1,/TaxiCel/PHP/Services/end_trip,"{""device_type"":""1"",""driver_id"":""170"",""driver_lat"":""22.5667378"",""driver_lon"":""88.3929875"",""ride_id"":""26"",""ride_cost"":""6000"",""user_id"":""191""}"
"
"
"2015-08-10 11:40:43",::1,/TaxiCel/PHP/Services/driverregistration,"{""txtDCity"":""1"",""txtUname"":""soham"",""txtUfname"":""soham"",""txtUlname"":""sahoo"",""txtUemail"":""soham@gmail.com"",""txtUmobile"":""9861125477"",""txtUaddress"":""bhubaneswar"",""txtUpass"":""12345"",""refferal_code"":""ABCD"",""txtCcname"":""dsds"",""txtCaddress1"":""fdfd"",""txtCaddress2"":""dfdf"",""txtCcity"":""1"",""txtCregion"":""qwqw"",""txtCpcode"":""7561098"",""txtCmobile"":""9871126566"",""txtCABN"":""dgjhg""}"
"
"
"2015-09-09 12:41:48",::1,/Taxicel/web/PHP/Services/accept_ride,"{""device_type"":""1"",""ride_id"":""28"",""driver_lat"":""22.6189317"",""driver_lon"":""88.4300897"",""driver_id"":""192"",""devicetype"":""1""}"
"
"
"2015-09-09 12:42:11",::1,/Taxicel/web/PHP/Services/accept_ride,"{""device_type"":""1"",""ride_id"":""28"",""driver_lat"":""22.6189317"",""driver_lon"":""88.4300897"",""driver_id"":""192"",""devicetype"":""1""}"
"
"
"2015-09-09 12:47:19",::1,/Taxicel/web/PHP/Services/accept_ride,"{""device_type"":""1"",""ride_id"":""28"",""driver_lat"":""22.6189317"",""driver_lon"":""88.4300897"",""driver_id"":""192"",""devicetype"":""1""}"
"
"
"2015-09-09 12:49:10",::1,/Taxicel/web/PHP/Services/accept_ride,"{""device_type"":""1"",""ride_id"":""28"",""driver_lat"":""22.6189317"",""driver_lon"":""88.4300897"",""driver_id"":""192"",""devicetype"":""1""}"
